#***************************************************************************

#sjplacer

#Version:            1.1

#Build Date:         Jul 19 2017 14:31:00

#File Generated:     Oct 31 2017 06:02:12

#Purpose:            

#Copyright (C) 2010-2011 by Softjin Technologies Pvt Ltd. All rights reserved.

#***************************************************************************

Executing : C:\Program Files (x86)\Cypress\PSoC Creator\4.1\PSoC Creator\bin/sjplacer.exe --proj-name Organ_1 --netlist-vh2 Organ_1_p.vh2 --arch p35_udb4x6 --arch-file C:\Program Files (x86)\Cypress\PSoC Creator\4.1\PSoC Creator\dev\arch/udbdsi_4x6_24.cydata --ip-file C:\Program Files (x86)\Cypress\PSoC Creator\4.1\PSoC Creator\dev\psoc5/psoc5lp/ip_blocks.cydata --rrg-file C:\Program Files (x86)\Cypress\PSoC Creator\4.1\PSoC Creator\dev\psoc5/psoc5lp/route_arch-rrg.cydata --irq-file C:\Program Files (x86)\Cypress\PSoC Creator\4.1\PSoC Creator\dev\psoc5/psoc5lp/irqconn.cydata --drq-file C:\Program Files (x86)\Cypress\PSoC Creator\4.1\PSoC Creator\dev\psoc5/psoc5lp/dmaconn.cydata --dsi-conn-file C:\Program Files (x86)\Cypress\PSoC Creator\4.1\PSoC Creator\dev\psoc5/psoc5lp/dsiconn.cydata --pins-file pins_68-QFN.xml --lib-file Organ_1_p.lib --sdc-file Organ_1.sdc --io-pcf Organ_1.pci --outdir .

		Softjin Techologies Placer, Version 1.1

Build Date : Jul 19 2017	14:29:55

D2004: Option and Settings Summary
=============================================================
Netlist vh2 file          - Organ_1_p.vh2
Architecture file         - C:\Program Files (x86)\Cypress\PSoC Creator\4.1\PSoC Creator\dev\arch/udbdsi_4x6_24.cydata
Package                   - 
Defparam file             - 
SDC file                  - Organ_1.sdc
Output directory          - .
Timing library            - Organ_1_p.lib
IO Placement file         - Organ_1.pci

D2050: Starting reading inputs for placer
=============================================================
D2065: Reading netlist file : "Organ_1_p.vh2"
D2065: Reading arch file : "C:\Program Files (x86)\Cypress\PSoC Creator\4.1\PSoC Creator\dev\arch/udbdsi_4x6_24.cydata"
D2051: Reading of inputs for placer completed successfully

D2053: Starting placement of the design
=============================================================

Phase 2
Phase 3

Design Statistics after Packing
    Number of Combinational MCs 	:	44
    Number of Sequential MCs    	:	97
    Number of DPs               	:	0
    Number of Controls          	:	0
    Number of Status            	:	0
    Number of SyncCells         	:	0
    Number of count7cells       	:	0

Device Utilization Summary after Packing
    Macrocells                  :	141/192
    UDBS                        :	24/24
    IOs                         :	18/72


D2088: Phase 3, elapsed time : 0.1 (sec)

Phase 4
D2088: Phase 4, elapsed time : 0.0 (sec)

Phase 5
D2088: Phase 5, elapsed time : 0.0 (sec)

Phase 6

######################################################################
Placement Timing Summary

The timing summary is based on estimated routing delays after
placement. For final timing report, please carry out the timing
analysis after routing.
======================================================================

######################################################################
                     Clock Summary 
======================================================================
Number of clocks: 12
Clock: Clock_1              | Frequency:  28.7 MHz | Target:   2.0 MHz
Clock: Clock_1(fixed-function) | Frequency: N/A       | Target:   2.0 MHz
Clock: CyBUS_CLK            | Frequency: N/A       | Target:  24.0 MHz
Clock: CyILO                | Frequency: N/A       | Target:   0.0 MHz
Clock: CyIMO                | Frequency: N/A       | Target:   3.0 MHz
Clock: CyMASTER_CLK         | Frequency: N/A       | Target:  24.0 MHz
Clock: CyPLL_OUT            | Frequency: N/A       | Target:  24.0 MHz
Clock: \C_6:CounterHW\/tc   | Frequency:  96.4 MHz | Target:   1.0 MHz
Clock: \C_Sharp_6:CounterHW\/tc | Frequency: N/A       | Target:   1.0 MHz
Clock: \D_6:CounterHW\/tc   | Frequency: N/A       | Target:   1.0 MHz
Clock: \D_SHARP_6:CounterHW\/tc | Frequency: N/A       | Target:   1.0 MHz
Clock: cydff_1/q            | Frequency: N/A       | Target:   0.5 MHz

======================================================================
                     End of Clock Summary
######################################################################

D2088: Phase 6, elapsed time : 0.2 (sec)

Phase 7
######################################################################
                     Clock Summary 
======================================================================
Number of clocks: 12
Clock: Clock_1              | Frequency:  29.7 MHz | Target:   2.0 MHz
Clock: Clock_1(fixed-function) | Frequency: N/A       | Target:   2.0 MHz
Clock: CyBUS_CLK            | Frequency: N/A       | Target:  24.0 MHz
Clock: CyILO                | Frequency: N/A       | Target:   0.0 MHz
Clock: CyIMO                | Frequency: N/A       | Target:   3.0 MHz
Clock: CyMASTER_CLK         | Frequency: N/A       | Target:  24.0 MHz
Clock: CyPLL_OUT            | Frequency: N/A       | Target:  24.0 MHz
Clock: \C_6:CounterHW\/tc   | Frequency:  83.2 MHz | Target:   1.0 MHz
Clock: \C_Sharp_6:CounterHW\/tc | Frequency: N/A       | Target:   1.0 MHz
Clock: \D_6:CounterHW\/tc   | Frequency: N/A       | Target:   1.0 MHz
Clock: \D_SHARP_6:CounterHW\/tc | Frequency: N/A       | Target:   1.0 MHz
Clock: cydff_1/q            | Frequency: N/A       | Target:   0.5 MHz

======================================================================
                     End of Clock Summary
######################################################################
D2088: Phase 7, elapsed time : 2.1 (sec)

Final Design Statistics
    Number of Combinational MCs 	:	44
    Number of Sequential MCs    	:	97
    Number of DPs               	:	0
    Number of Controls          	:	0
    Number of Status            	:	0
    Number of SyncCells         	:	0
    Number of count7cells       	:	0
    Number of IOs       	:	18

Device Utilization Summary
    Macrocells                  :	141/192
    IOs                         :	18/72



######################################################################
Placement Timing Summary

The timing summary is based on estimated routing delays after
placement. For final timing report, please carry out the timing
analysis after routing.
======================================================================


######################################################################
                     Clock Summary 
======================================================================
Number of clocks: 12
Clock: Clock_1              | Frequency:  29.7 MHz | Target:   2.2 MHz
Clock: Clock_1(fixed-function) | Frequency: N/A       | Target:   2.0 MHz
Clock: CyBUS_CLK            | Frequency: N/A       | Target:  24.0 MHz
Clock: CyILO                | Frequency: N/A       | Target:   0.0 MHz
Clock: CyIMO                | Frequency: N/A       | Target:   3.0 MHz
Clock: CyMASTER_CLK         | Frequency: N/A       | Target:  24.0 MHz
Clock: CyPLL_OUT            | Frequency: N/A       | Target:  24.0 MHz
Clock: \C_6:CounterHW\/tc   | Frequency:  83.2 MHz | Target:   1.1 MHz
Clock: \C_Sharp_6:CounterHW\/tc | Frequency: N/A       | Target:   1.0 MHz
Clock: \D_6:CounterHW\/tc   | Frequency: N/A       | Target:   1.0 MHz
Clock: \D_SHARP_6:CounterHW\/tc | Frequency: N/A       | Target:   1.0 MHz
Clock: cydff_1/q            | Frequency: N/A       | Target:   0.5 MHz

======================================================================
                     End of Clock Summary
######################################################################

Phase 6

######################################################################
Placement Timing Summary

The timing summary is based on estimated routing delays after
placement. For final timing report, please carry out the timing
analysis after routing.
======================================================================

######################################################################
                     Clock Summary 
======================================================================
Number of clocks: 12
Clock: Clock_1              | Frequency:  28.7 MHz | Target:   2.2 MHz
Clock: Clock_1(fixed-function) | Frequency: N/A       | Target:   2.0 MHz
Clock: CyBUS_CLK            | Frequency: N/A       | Target:  24.0 MHz
Clock: CyILO                | Frequency: N/A       | Target:   0.0 MHz
Clock: CyIMO                | Frequency: N/A       | Target:   3.0 MHz
Clock: CyMASTER_CLK         | Frequency: N/A       | Target:  24.0 MHz
Clock: CyPLL_OUT            | Frequency: N/A       | Target:  24.0 MHz
Clock: \C_6:CounterHW\/tc   | Frequency:  96.4 MHz | Target:   1.1 MHz
Clock: \C_Sharp_6:CounterHW\/tc | Frequency: N/A       | Target:   1.0 MHz
Clock: \D_6:CounterHW\/tc   | Frequency: N/A       | Target:   1.0 MHz
Clock: \D_SHARP_6:CounterHW\/tc | Frequency: N/A       | Target:   1.0 MHz
Clock: cydff_1/q            | Frequency: N/A       | Target:   0.5 MHz

======================================================================
                     End of Clock Summary
######################################################################

D2088: Phase 6, elapsed time : 0.2 (sec)

Phase 7
######################################################################
                     Clock Summary 
======================================================================
Number of clocks: 12
Clock: Clock_1              | Frequency:  27.7 MHz | Target:   2.4 MHz
Clock: Clock_1(fixed-function) | Frequency: N/A       | Target:   2.0 MHz
Clock: CyBUS_CLK            | Frequency: N/A       | Target:  24.0 MHz
Clock: CyILO                | Frequency: N/A       | Target:   0.0 MHz
Clock: CyIMO                | Frequency: N/A       | Target:   3.0 MHz
Clock: CyMASTER_CLK         | Frequency: N/A       | Target:  24.0 MHz
Clock: CyPLL_OUT            | Frequency: N/A       | Target:  24.0 MHz
Clock: \C_6:CounterHW\/tc   | Frequency:  83.2 MHz | Target:   1.2 MHz
Clock: \C_Sharp_6:CounterHW\/tc | Frequency: N/A       | Target:   1.0 MHz
Clock: \D_6:CounterHW\/tc   | Frequency: N/A       | Target:   1.0 MHz
Clock: \D_SHARP_6:CounterHW\/tc | Frequency: N/A       | Target:   1.0 MHz
Clock: cydff_1/q            | Frequency: N/A       | Target:   0.5 MHz

======================================================================
                     End of Clock Summary
######################################################################
D2088: Phase 7, elapsed time : 6.3 (sec)

Final Design Statistics
    Number of Combinational MCs 	:	44
    Number of Sequential MCs    	:	97
    Number of DPs               	:	0
    Number of Controls          	:	0
    Number of Status            	:	0
    Number of SyncCells         	:	0
    Number of count7cells       	:	0
    Number of IOs       	:	18

Device Utilization Summary
    Macrocells                  :	141/192
    IOs                         :	18/72



######################################################################
Placement Timing Summary

The timing summary is based on estimated routing delays after
placement. For final timing report, please carry out the timing
analysis after routing.
======================================================================


######################################################################
                     Clock Summary 
======================================================================
Number of clocks: 12
Clock: Clock_1              | Frequency:  38.6 MHz | Target:   2.7 MHz
Clock: Clock_1(fixed-function) | Frequency: N/A       | Target:   2.0 MHz
Clock: CyBUS_CLK            | Frequency: N/A       | Target:  24.0 MHz
Clock: CyILO                | Frequency: N/A       | Target:   0.0 MHz
Clock: CyIMO                | Frequency: N/A       | Target:   3.0 MHz
Clock: CyMASTER_CLK         | Frequency: N/A       | Target:  24.0 MHz
Clock: CyPLL_OUT            | Frequency: N/A       | Target:  24.0 MHz
Clock: \C_6:CounterHW\/tc   | Frequency: 114.7 MHz | Target:   1.3 MHz
Clock: \C_Sharp_6:CounterHW\/tc | Frequency: N/A       | Target:   1.0 MHz
Clock: \D_6:CounterHW\/tc   | Frequency: N/A       | Target:   1.0 MHz
Clock: \D_SHARP_6:CounterHW\/tc | Frequency: N/A       | Target:   1.0 MHz
Clock: cydff_1/q            | Frequency: N/A       | Target:   0.5 MHz

======================================================================
                     End of Clock Summary
######################################################################

Phase 8
D2088: Phase 8, elapsed time : 0.0 (sec)

D2054: Placement of the design completed successfully

I2076: Total run-time: 10.0 sec.

