ARM GAS  C:\Users\Rob\AppData\Local\Temp\ccoxlHcK.s 			page 1


   1              		.syntax unified
   2              		.cpu cortex-m3
   3              		.fpu softvfp
   4              		.eabi_attribute 20, 1
   5              		.eabi_attribute 21, 1
   6              		.eabi_attribute 23, 3
   7              		.eabi_attribute 24, 1
   8              		.eabi_attribute 25, 1
   9              		.eabi_attribute 26, 1
  10              		.eabi_attribute 30, 1
  11              		.eabi_attribute 34, 1
  12              		.eabi_attribute 18, 4
  13              		.thumb
  14              		.syntax unified
  15              		.file	"C_6.c"
  16              		.text
  17              	.Ltext0:
  18              		.cfi_sections	.debug_frame
  19              		.section	.text.C_6_Enable,"ax",%progbits
  20              		.align	2
  21              		.global	C_6_Enable
  22              		.thumb
  23              		.thumb_func
  24              		.type	C_6_Enable, %function
  25              	C_6_Enable:
  26              	.LFB1:
  27              		.file 1 "Generated_Source\\PSoC5\\C_6.c"
   1:Generated_Source\PSoC5/C_6.c **** /*******************************************************************************
   2:Generated_Source\PSoC5/C_6.c **** * File Name: C_6.c  
   3:Generated_Source\PSoC5/C_6.c **** * Version 3.0
   4:Generated_Source\PSoC5/C_6.c **** *
   5:Generated_Source\PSoC5/C_6.c **** *  Description:
   6:Generated_Source\PSoC5/C_6.c **** *     The Counter component consists of a 8, 16, 24 or 32-bit counter with
   7:Generated_Source\PSoC5/C_6.c **** *     a selectable period between 2 and 2^Width - 1.  
   8:Generated_Source\PSoC5/C_6.c **** *
   9:Generated_Source\PSoC5/C_6.c **** *   Note:
  10:Generated_Source\PSoC5/C_6.c **** *     None
  11:Generated_Source\PSoC5/C_6.c **** *
  12:Generated_Source\PSoC5/C_6.c **** ********************************************************************************
  13:Generated_Source\PSoC5/C_6.c **** * Copyright 2008-2012, Cypress Semiconductor Corporation.  All rights reserved.
  14:Generated_Source\PSoC5/C_6.c **** * You may use this file only in accordance with the license, terms, conditions, 
  15:Generated_Source\PSoC5/C_6.c **** * disclaimers, and limitations in the end user license agreement accompanying 
  16:Generated_Source\PSoC5/C_6.c **** * the software package with which this file was provided.
  17:Generated_Source\PSoC5/C_6.c **** *******************************************************************************/
  18:Generated_Source\PSoC5/C_6.c **** 
  19:Generated_Source\PSoC5/C_6.c **** #include "C_6.h"
  20:Generated_Source\PSoC5/C_6.c **** 
  21:Generated_Source\PSoC5/C_6.c **** uint8 C_6_initVar = 0u;
  22:Generated_Source\PSoC5/C_6.c **** 
  23:Generated_Source\PSoC5/C_6.c **** 
  24:Generated_Source\PSoC5/C_6.c **** /*******************************************************************************
  25:Generated_Source\PSoC5/C_6.c **** * Function Name: C_6_Init
  26:Generated_Source\PSoC5/C_6.c **** ********************************************************************************
  27:Generated_Source\PSoC5/C_6.c **** * Summary:
  28:Generated_Source\PSoC5/C_6.c **** *     Initialize to the schematic state
  29:Generated_Source\PSoC5/C_6.c **** * 
  30:Generated_Source\PSoC5/C_6.c **** * Parameters:  
ARM GAS  C:\Users\Rob\AppData\Local\Temp\ccoxlHcK.s 			page 2


  31:Generated_Source\PSoC5/C_6.c **** *  void  
  32:Generated_Source\PSoC5/C_6.c **** *
  33:Generated_Source\PSoC5/C_6.c **** * Return: 
  34:Generated_Source\PSoC5/C_6.c **** *  void
  35:Generated_Source\PSoC5/C_6.c **** *
  36:Generated_Source\PSoC5/C_6.c **** *******************************************************************************/
  37:Generated_Source\PSoC5/C_6.c **** void C_6_Init(void) 
  38:Generated_Source\PSoC5/C_6.c **** {
  39:Generated_Source\PSoC5/C_6.c ****         #if (!C_6_UsingFixedFunction && !C_6_ControlRegRemoved)
  40:Generated_Source\PSoC5/C_6.c ****             uint8 ctrl;
  41:Generated_Source\PSoC5/C_6.c ****         #endif /* (!C_6_UsingFixedFunction && !C_6_ControlRegRemoved) */
  42:Generated_Source\PSoC5/C_6.c ****         
  43:Generated_Source\PSoC5/C_6.c ****         #if(!C_6_UsingFixedFunction) 
  44:Generated_Source\PSoC5/C_6.c ****             /* Interrupt State Backup for Critical Region*/
  45:Generated_Source\PSoC5/C_6.c ****             uint8 C_6_interruptState;
  46:Generated_Source\PSoC5/C_6.c ****         #endif /* (!C_6_UsingFixedFunction) */
  47:Generated_Source\PSoC5/C_6.c ****         
  48:Generated_Source\PSoC5/C_6.c ****         #if (C_6_UsingFixedFunction)
  49:Generated_Source\PSoC5/C_6.c ****             /* Clear all bits but the enable bit (if it's already set for Timer operation */
  50:Generated_Source\PSoC5/C_6.c ****             C_6_CONTROL &= C_6_CTRL_ENABLE;
  51:Generated_Source\PSoC5/C_6.c ****             
  52:Generated_Source\PSoC5/C_6.c ****             /* Clear the mode bits for continuous run mode */
  53:Generated_Source\PSoC5/C_6.c ****             #if (CY_PSOC5A)
  54:Generated_Source\PSoC5/C_6.c ****                 C_6_CONTROL2 &= ((uint8)(~C_6_CTRL_MODE_MASK));
  55:Generated_Source\PSoC5/C_6.c ****             #endif /* (CY_PSOC5A) */
  56:Generated_Source\PSoC5/C_6.c ****             #if (CY_PSOC3 || CY_PSOC5LP)
  57:Generated_Source\PSoC5/C_6.c ****                 C_6_CONTROL3 &= ((uint8)(~C_6_CTRL_MODE_MASK));                
  58:Generated_Source\PSoC5/C_6.c ****             #endif /* (CY_PSOC3 || CY_PSOC5LP) */
  59:Generated_Source\PSoC5/C_6.c ****             /* Check if One Shot mode is enabled i.e. RunMode !=0*/
  60:Generated_Source\PSoC5/C_6.c ****             #if (C_6_RunModeUsed != 0x0u)
  61:Generated_Source\PSoC5/C_6.c ****                 /* Set 3rd bit of Control register to enable one shot mode */
  62:Generated_Source\PSoC5/C_6.c ****                 C_6_CONTROL |= C_6_ONESHOT;
  63:Generated_Source\PSoC5/C_6.c ****             #endif /* (C_6_RunModeUsed != 0x0u) */
  64:Generated_Source\PSoC5/C_6.c ****             
  65:Generated_Source\PSoC5/C_6.c ****             /* Set the IRQ to use the status register interrupts */
  66:Generated_Source\PSoC5/C_6.c ****             C_6_CONTROL2 |= C_6_CTRL2_IRQ_SEL;
  67:Generated_Source\PSoC5/C_6.c ****             
  68:Generated_Source\PSoC5/C_6.c ****             /* Clear and Set SYNCTC and SYNCCMP bits of RT1 register */
  69:Generated_Source\PSoC5/C_6.c ****             C_6_RT1 &= ((uint8)(~C_6_RT1_MASK));
  70:Generated_Source\PSoC5/C_6.c ****             C_6_RT1 |= C_6_SYNC;     
  71:Generated_Source\PSoC5/C_6.c ****                     
  72:Generated_Source\PSoC5/C_6.c ****             /*Enable DSI Sync all all inputs of the Timer*/
  73:Generated_Source\PSoC5/C_6.c ****             C_6_RT1 &= ((uint8)(~C_6_SYNCDSI_MASK));
  74:Generated_Source\PSoC5/C_6.c ****             C_6_RT1 |= C_6_SYNCDSI_EN;
  75:Generated_Source\PSoC5/C_6.c **** 
  76:Generated_Source\PSoC5/C_6.c ****         #else
  77:Generated_Source\PSoC5/C_6.c ****             #if(!C_6_ControlRegRemoved)
  78:Generated_Source\PSoC5/C_6.c ****             /* Set the default compare mode defined in the parameter */
  79:Generated_Source\PSoC5/C_6.c ****             ctrl = C_6_CONTROL & ((uint8)(~C_6_CTRL_CMPMODE_MASK));
  80:Generated_Source\PSoC5/C_6.c ****             C_6_CONTROL = ctrl | C_6_DEFAULT_COMPARE_MODE;
  81:Generated_Source\PSoC5/C_6.c ****             
  82:Generated_Source\PSoC5/C_6.c ****             /* Set the default capture mode defined in the parameter */
  83:Generated_Source\PSoC5/C_6.c ****             ctrl = C_6_CONTROL & ((uint8)(~C_6_CTRL_CAPMODE_MASK));
  84:Generated_Source\PSoC5/C_6.c ****             
  85:Generated_Source\PSoC5/C_6.c ****             #if( 0 != C_6_CAPTURE_MODE_CONF)
  86:Generated_Source\PSoC5/C_6.c ****                 C_6_CONTROL = ctrl | C_6_DEFAULT_CAPTURE_MODE;
  87:Generated_Source\PSoC5/C_6.c ****             #else
ARM GAS  C:\Users\Rob\AppData\Local\Temp\ccoxlHcK.s 			page 3


  88:Generated_Source\PSoC5/C_6.c ****                 C_6_CONTROL = ctrl;
  89:Generated_Source\PSoC5/C_6.c ****             #endif /* 0 != C_6_CAPTURE_MODE */ 
  90:Generated_Source\PSoC5/C_6.c ****             
  91:Generated_Source\PSoC5/C_6.c ****             #endif /* (!C_6_ControlRegRemoved) */
  92:Generated_Source\PSoC5/C_6.c ****         #endif /* (C_6_UsingFixedFunction) */
  93:Generated_Source\PSoC5/C_6.c ****         
  94:Generated_Source\PSoC5/C_6.c ****         /* Clear all data in the FIFO's */
  95:Generated_Source\PSoC5/C_6.c ****         #if (!C_6_UsingFixedFunction)
  96:Generated_Source\PSoC5/C_6.c ****             C_6_ClearFIFO();
  97:Generated_Source\PSoC5/C_6.c ****         #endif /* (!C_6_UsingFixedFunction) */
  98:Generated_Source\PSoC5/C_6.c ****         
  99:Generated_Source\PSoC5/C_6.c ****         /* Set Initial values from Configuration */
 100:Generated_Source\PSoC5/C_6.c ****         C_6_WritePeriod(C_6_INIT_PERIOD_VALUE);
 101:Generated_Source\PSoC5/C_6.c ****         #if (!(C_6_UsingFixedFunction && (CY_PSOC5A)))
 102:Generated_Source\PSoC5/C_6.c ****             C_6_WriteCounter(C_6_INIT_COUNTER_VALUE);
 103:Generated_Source\PSoC5/C_6.c ****         #endif /* (!(C_6_UsingFixedFunction && (CY_PSOC5A))) */
 104:Generated_Source\PSoC5/C_6.c ****         C_6_SetInterruptMode(C_6_INIT_INTERRUPTS_MASK);
 105:Generated_Source\PSoC5/C_6.c ****         
 106:Generated_Source\PSoC5/C_6.c ****         #if (!C_6_UsingFixedFunction)
 107:Generated_Source\PSoC5/C_6.c ****             /* Read the status register to clear the unwanted interrupts */
 108:Generated_Source\PSoC5/C_6.c ****             (void)C_6_ReadStatusRegister();
 109:Generated_Source\PSoC5/C_6.c ****             /* Set the compare value (only available to non-fixed function implementation */
 110:Generated_Source\PSoC5/C_6.c ****             C_6_WriteCompare(C_6_INIT_COMPARE_VALUE);
 111:Generated_Source\PSoC5/C_6.c ****             /* Use the interrupt output of the status register for IRQ output */
 112:Generated_Source\PSoC5/C_6.c ****             
 113:Generated_Source\PSoC5/C_6.c ****             /* CyEnterCriticalRegion and CyExitCriticalRegion are used to mark following region cri
 114:Generated_Source\PSoC5/C_6.c ****             /* Enter Critical Region*/
 115:Generated_Source\PSoC5/C_6.c ****             C_6_interruptState = CyEnterCriticalSection();
 116:Generated_Source\PSoC5/C_6.c ****             
 117:Generated_Source\PSoC5/C_6.c ****             C_6_STATUS_AUX_CTRL |= C_6_STATUS_ACTL_INT_EN_MASK;
 118:Generated_Source\PSoC5/C_6.c ****             
 119:Generated_Source\PSoC5/C_6.c ****             /* Exit Critical Region*/
 120:Generated_Source\PSoC5/C_6.c ****             CyExitCriticalSection(C_6_interruptState);
 121:Generated_Source\PSoC5/C_6.c ****             
 122:Generated_Source\PSoC5/C_6.c ****         #endif /* (!C_6_UsingFixedFunction) */
 123:Generated_Source\PSoC5/C_6.c **** }
 124:Generated_Source\PSoC5/C_6.c **** 
 125:Generated_Source\PSoC5/C_6.c **** 
 126:Generated_Source\PSoC5/C_6.c **** /*******************************************************************************
 127:Generated_Source\PSoC5/C_6.c **** * Function Name: C_6_Enable
 128:Generated_Source\PSoC5/C_6.c **** ********************************************************************************
 129:Generated_Source\PSoC5/C_6.c **** * Summary:
 130:Generated_Source\PSoC5/C_6.c **** *     Enable the Counter
 131:Generated_Source\PSoC5/C_6.c **** * 
 132:Generated_Source\PSoC5/C_6.c **** * Parameters:  
 133:Generated_Source\PSoC5/C_6.c **** *  void  
 134:Generated_Source\PSoC5/C_6.c **** *
 135:Generated_Source\PSoC5/C_6.c **** * Return: 
 136:Generated_Source\PSoC5/C_6.c **** *  void
 137:Generated_Source\PSoC5/C_6.c **** *
 138:Generated_Source\PSoC5/C_6.c **** * Side Effects: 
 139:Generated_Source\PSoC5/C_6.c **** *   If the Enable mode is set to Hardware only then this function has no effect 
 140:Generated_Source\PSoC5/C_6.c **** *   on the operation of the counter.
 141:Generated_Source\PSoC5/C_6.c **** *
 142:Generated_Source\PSoC5/C_6.c **** *******************************************************************************/
 143:Generated_Source\PSoC5/C_6.c **** void C_6_Enable(void) 
 144:Generated_Source\PSoC5/C_6.c **** {
ARM GAS  C:\Users\Rob\AppData\Local\Temp\ccoxlHcK.s 			page 4


  28              		.loc 1 144 0
  29              		.cfi_startproc
  30              		@ args = 0, pretend = 0, frame = 0
  31              		@ frame_needed = 0, uses_anonymous_args = 0
  32              		@ link register save eliminated.
 145:Generated_Source\PSoC5/C_6.c ****     /* Globally Enable the Fixed Function Block chosen */
 146:Generated_Source\PSoC5/C_6.c ****     #if (C_6_UsingFixedFunction)
 147:Generated_Source\PSoC5/C_6.c ****         C_6_GLOBAL_ENABLE |= C_6_BLOCK_EN_MASK;
  33              		.loc 1 147 0
  34 0000 084A     		ldr	r2, .L2
  35 0002 1378     		ldrb	r3, [r2]	@ zero_extendqisi2
  36 0004 43F00103 		orr	r3, r3, #1
  37 0008 1370     		strb	r3, [r2]
 148:Generated_Source\PSoC5/C_6.c ****         C_6_GLOBAL_STBY_ENABLE |= C_6_BLOCK_STBY_EN_MASK;
  38              		.loc 1 148 0
  39 000a 1032     		adds	r2, r2, #16
  40 000c 1378     		ldrb	r3, [r2]	@ zero_extendqisi2
  41 000e 43F00103 		orr	r3, r3, #1
  42 0012 1370     		strb	r3, [r2]
 149:Generated_Source\PSoC5/C_6.c ****     #endif /* (C_6_UsingFixedFunction) */  
 150:Generated_Source\PSoC5/C_6.c ****         
 151:Generated_Source\PSoC5/C_6.c ****     /* Enable the counter from the control register  */
 152:Generated_Source\PSoC5/C_6.c ****     /* If Fixed Function then make sure Mode is set correctly */
 153:Generated_Source\PSoC5/C_6.c ****     /* else make sure reset is clear */
 154:Generated_Source\PSoC5/C_6.c ****     #if(!C_6_ControlRegRemoved || C_6_UsingFixedFunction)
 155:Generated_Source\PSoC5/C_6.c ****         C_6_CONTROL |= C_6_CTRL_ENABLE;                
  43              		.loc 1 155 0
  44 0014 02F64D32 		addw	r2, r2, #2893
  45 0018 1378     		ldrb	r3, [r2]	@ zero_extendqisi2
  46 001a 43F00103 		orr	r3, r3, #1
  47 001e 1370     		strb	r3, [r2]
  48 0020 7047     		bx	lr
  49              	.L3:
  50 0022 00BF     		.align	2
  51              	.L2:
  52 0024 A3430040 		.word	1073759139
  53              		.cfi_endproc
  54              	.LFE1:
  55              		.size	C_6_Enable, .-C_6_Enable
  56              		.section	.text.C_6_Stop,"ax",%progbits
  57              		.align	2
  58              		.global	C_6_Stop
  59              		.thumb
  60              		.thumb_func
  61              		.type	C_6_Stop, %function
  62              	C_6_Stop:
  63              	.LFB3:
 156:Generated_Source\PSoC5/C_6.c ****     #endif /* (!C_6_ControlRegRemoved || C_6_UsingFixedFunction) */
 157:Generated_Source\PSoC5/C_6.c ****     
 158:Generated_Source\PSoC5/C_6.c **** }
 159:Generated_Source\PSoC5/C_6.c **** 
 160:Generated_Source\PSoC5/C_6.c **** 
 161:Generated_Source\PSoC5/C_6.c **** /*******************************************************************************
 162:Generated_Source\PSoC5/C_6.c **** * Function Name: C_6_Start
 163:Generated_Source\PSoC5/C_6.c **** ********************************************************************************
 164:Generated_Source\PSoC5/C_6.c **** * Summary:
 165:Generated_Source\PSoC5/C_6.c **** *  Enables the counter for operation 
ARM GAS  C:\Users\Rob\AppData\Local\Temp\ccoxlHcK.s 			page 5


 166:Generated_Source\PSoC5/C_6.c **** *
 167:Generated_Source\PSoC5/C_6.c **** * Parameters:  
 168:Generated_Source\PSoC5/C_6.c **** *  void  
 169:Generated_Source\PSoC5/C_6.c **** *
 170:Generated_Source\PSoC5/C_6.c **** * Return: 
 171:Generated_Source\PSoC5/C_6.c **** *  void
 172:Generated_Source\PSoC5/C_6.c **** *
 173:Generated_Source\PSoC5/C_6.c **** * Global variables:
 174:Generated_Source\PSoC5/C_6.c **** *  C_6_initVar: Is modified when this function is called for the  
 175:Generated_Source\PSoC5/C_6.c **** *   first time. Is used to ensure that initialization happens only once.
 176:Generated_Source\PSoC5/C_6.c **** *
 177:Generated_Source\PSoC5/C_6.c **** *******************************************************************************/
 178:Generated_Source\PSoC5/C_6.c **** void C_6_Start(void) 
 179:Generated_Source\PSoC5/C_6.c **** {
 180:Generated_Source\PSoC5/C_6.c ****     if(C_6_initVar == 0u)
 181:Generated_Source\PSoC5/C_6.c ****     {
 182:Generated_Source\PSoC5/C_6.c ****         C_6_Init();
 183:Generated_Source\PSoC5/C_6.c ****         
 184:Generated_Source\PSoC5/C_6.c ****         C_6_initVar = 1u; /* Clear this bit for Initialization */        
 185:Generated_Source\PSoC5/C_6.c ****     }
 186:Generated_Source\PSoC5/C_6.c ****     
 187:Generated_Source\PSoC5/C_6.c ****     /* Enable the Counter */
 188:Generated_Source\PSoC5/C_6.c ****     C_6_Enable();        
 189:Generated_Source\PSoC5/C_6.c **** }
 190:Generated_Source\PSoC5/C_6.c **** 
 191:Generated_Source\PSoC5/C_6.c **** 
 192:Generated_Source\PSoC5/C_6.c **** /*******************************************************************************
 193:Generated_Source\PSoC5/C_6.c **** * Function Name: C_6_Stop
 194:Generated_Source\PSoC5/C_6.c **** ********************************************************************************
 195:Generated_Source\PSoC5/C_6.c **** * Summary:
 196:Generated_Source\PSoC5/C_6.c **** * Halts the counter, but does not change any modes or disable interrupts.
 197:Generated_Source\PSoC5/C_6.c **** *
 198:Generated_Source\PSoC5/C_6.c **** * Parameters:  
 199:Generated_Source\PSoC5/C_6.c **** *  void  
 200:Generated_Source\PSoC5/C_6.c **** *
 201:Generated_Source\PSoC5/C_6.c **** * Return: 
 202:Generated_Source\PSoC5/C_6.c **** *  void
 203:Generated_Source\PSoC5/C_6.c **** *
 204:Generated_Source\PSoC5/C_6.c **** * Side Effects: If the Enable mode is set to Hardware only then this function
 205:Generated_Source\PSoC5/C_6.c **** *               has no effect on the operation of the counter.
 206:Generated_Source\PSoC5/C_6.c **** *
 207:Generated_Source\PSoC5/C_6.c **** *******************************************************************************/
 208:Generated_Source\PSoC5/C_6.c **** void C_6_Stop(void) 
 209:Generated_Source\PSoC5/C_6.c **** {
  64              		.loc 1 209 0
  65              		.cfi_startproc
  66              		@ args = 0, pretend = 0, frame = 0
  67              		@ frame_needed = 0, uses_anonymous_args = 0
  68              		@ link register save eliminated.
 210:Generated_Source\PSoC5/C_6.c ****     /* Disable Counter */
 211:Generated_Source\PSoC5/C_6.c ****     #if(!C_6_ControlRegRemoved || C_6_UsingFixedFunction)
 212:Generated_Source\PSoC5/C_6.c ****         C_6_CONTROL &= ((uint8)(~C_6_CTRL_ENABLE));        
  69              		.loc 1 212 0
  70 0000 084A     		ldr	r2, .L5
  71 0002 1378     		ldrb	r3, [r2]	@ zero_extendqisi2
  72 0004 03F0FE03 		and	r3, r3, #254
  73 0008 1370     		strb	r3, [r2]
ARM GAS  C:\Users\Rob\AppData\Local\Temp\ccoxlHcK.s 			page 6


 213:Generated_Source\PSoC5/C_6.c ****     #endif /* (!C_6_ControlRegRemoved || C_6_UsingFixedFunction) */
 214:Generated_Source\PSoC5/C_6.c ****     
 215:Generated_Source\PSoC5/C_6.c ****     /* Globally disable the Fixed Function Block chosen */
 216:Generated_Source\PSoC5/C_6.c ****     #if (C_6_UsingFixedFunction)
 217:Generated_Source\PSoC5/C_6.c ****         C_6_GLOBAL_ENABLE &= ((uint8)(~C_6_BLOCK_EN_MASK));
  74              		.loc 1 217 0
  75 000a A2F65D32 		subw	r2, r2, #2909
  76 000e 1378     		ldrb	r3, [r2]	@ zero_extendqisi2
  77 0010 03F0FE03 		and	r3, r3, #254
  78 0014 1370     		strb	r3, [r2]
 218:Generated_Source\PSoC5/C_6.c ****         C_6_GLOBAL_STBY_ENABLE &= ((uint8)(~C_6_BLOCK_STBY_EN_MASK));
  79              		.loc 1 218 0
  80 0016 1032     		adds	r2, r2, #16
  81 0018 1378     		ldrb	r3, [r2]	@ zero_extendqisi2
  82 001a 03F0FE03 		and	r3, r3, #254
  83 001e 1370     		strb	r3, [r2]
  84 0020 7047     		bx	lr
  85              	.L6:
  86 0022 00BF     		.align	2
  87              	.L5:
  88 0024 004F0040 		.word	1073762048
  89              		.cfi_endproc
  90              	.LFE3:
  91              		.size	C_6_Stop, .-C_6_Stop
  92              		.section	.text.C_6_SetInterruptMode,"ax",%progbits
  93              		.align	2
  94              		.global	C_6_SetInterruptMode
  95              		.thumb
  96              		.thumb_func
  97              		.type	C_6_SetInterruptMode, %function
  98              	C_6_SetInterruptMode:
  99              	.LFB4:
 219:Generated_Source\PSoC5/C_6.c ****     #endif /* (C_6_UsingFixedFunction) */
 220:Generated_Source\PSoC5/C_6.c **** }
 221:Generated_Source\PSoC5/C_6.c **** 
 222:Generated_Source\PSoC5/C_6.c **** 
 223:Generated_Source\PSoC5/C_6.c **** /*******************************************************************************
 224:Generated_Source\PSoC5/C_6.c **** * Function Name: C_6_SetInterruptMode
 225:Generated_Source\PSoC5/C_6.c **** ********************************************************************************
 226:Generated_Source\PSoC5/C_6.c **** * Summary:
 227:Generated_Source\PSoC5/C_6.c **** * Configures which interrupt sources are enabled to generate the final interrupt
 228:Generated_Source\PSoC5/C_6.c **** *
 229:Generated_Source\PSoC5/C_6.c **** * Parameters:  
 230:Generated_Source\PSoC5/C_6.c **** *  InterruptsMask: This parameter is an or'd collection of the status bits
 231:Generated_Source\PSoC5/C_6.c **** *                   which will be allowed to generate the counters interrupt.   
 232:Generated_Source\PSoC5/C_6.c **** *
 233:Generated_Source\PSoC5/C_6.c **** * Return: 
 234:Generated_Source\PSoC5/C_6.c **** *  void
 235:Generated_Source\PSoC5/C_6.c **** *
 236:Generated_Source\PSoC5/C_6.c **** *******************************************************************************/
 237:Generated_Source\PSoC5/C_6.c **** void C_6_SetInterruptMode(uint8 interruptsMask) 
 238:Generated_Source\PSoC5/C_6.c **** {
 100              		.loc 1 238 0
 101              		.cfi_startproc
 102              		@ args = 0, pretend = 0, frame = 0
 103              		@ frame_needed = 0, uses_anonymous_args = 0
 104              		@ link register save eliminated.
ARM GAS  C:\Users\Rob\AppData\Local\Temp\ccoxlHcK.s 			page 7


 105              	.LVL0:
 239:Generated_Source\PSoC5/C_6.c ****     C_6_STATUS_MASK = interruptsMask;
 106              		.loc 1 239 0
 107 0000 014B     		ldr	r3, .L8
 108 0002 1870     		strb	r0, [r3]
 109 0004 7047     		bx	lr
 110              	.L9:
 111 0006 00BF     		.align	2
 112              	.L8:
 113 0008 034F0040 		.word	1073762051
 114              		.cfi_endproc
 115              	.LFE4:
 116              		.size	C_6_SetInterruptMode, .-C_6_SetInterruptMode
 117              		.section	.text.C_6_ReadStatusRegister,"ax",%progbits
 118              		.align	2
 119              		.global	C_6_ReadStatusRegister
 120              		.thumb
 121              		.thumb_func
 122              		.type	C_6_ReadStatusRegister, %function
 123              	C_6_ReadStatusRegister:
 124              	.LFB5:
 240:Generated_Source\PSoC5/C_6.c **** }
 241:Generated_Source\PSoC5/C_6.c **** 
 242:Generated_Source\PSoC5/C_6.c **** 
 243:Generated_Source\PSoC5/C_6.c **** /*******************************************************************************
 244:Generated_Source\PSoC5/C_6.c **** * Function Name: C_6_ReadStatusRegister
 245:Generated_Source\PSoC5/C_6.c **** ********************************************************************************
 246:Generated_Source\PSoC5/C_6.c **** * Summary:
 247:Generated_Source\PSoC5/C_6.c **** *   Reads the status register and returns it's state. This function should use
 248:Generated_Source\PSoC5/C_6.c **** *       defined types for the bit-field information as the bits in this
 249:Generated_Source\PSoC5/C_6.c **** *       register may be permuteable.
 250:Generated_Source\PSoC5/C_6.c **** *
 251:Generated_Source\PSoC5/C_6.c **** * Parameters:  
 252:Generated_Source\PSoC5/C_6.c **** *  void
 253:Generated_Source\PSoC5/C_6.c **** *
 254:Generated_Source\PSoC5/C_6.c **** * Return: 
 255:Generated_Source\PSoC5/C_6.c **** *  (uint8) The contents of the status register
 256:Generated_Source\PSoC5/C_6.c **** *
 257:Generated_Source\PSoC5/C_6.c **** * Side Effects:
 258:Generated_Source\PSoC5/C_6.c **** *   Status register bits may be clear on read. 
 259:Generated_Source\PSoC5/C_6.c **** *
 260:Generated_Source\PSoC5/C_6.c **** *******************************************************************************/
 261:Generated_Source\PSoC5/C_6.c **** uint8   C_6_ReadStatusRegister(void) 
 262:Generated_Source\PSoC5/C_6.c **** {
 125              		.loc 1 262 0
 126              		.cfi_startproc
 127              		@ args = 0, pretend = 0, frame = 0
 128              		@ frame_needed = 0, uses_anonymous_args = 0
 129              		@ link register save eliminated.
 263:Generated_Source\PSoC5/C_6.c ****     return C_6_STATUS;
 130              		.loc 1 263 0
 131 0000 014B     		ldr	r3, .L11
 132 0002 1878     		ldrb	r0, [r3]	@ zero_extendqisi2
 264:Generated_Source\PSoC5/C_6.c **** }
 133              		.loc 1 264 0
 134 0004 7047     		bx	lr
 135              	.L12:
ARM GAS  C:\Users\Rob\AppData\Local\Temp\ccoxlHcK.s 			page 8


 136 0006 00BF     		.align	2
 137              	.L11:
 138 0008 034F0040 		.word	1073762051
 139              		.cfi_endproc
 140              	.LFE5:
 141              		.size	C_6_ReadStatusRegister, .-C_6_ReadStatusRegister
 142              		.section	.text.C_6_ReadControlRegister,"ax",%progbits
 143              		.align	2
 144              		.global	C_6_ReadControlRegister
 145              		.thumb
 146              		.thumb_func
 147              		.type	C_6_ReadControlRegister, %function
 148              	C_6_ReadControlRegister:
 149              	.LFB6:
 265:Generated_Source\PSoC5/C_6.c **** 
 266:Generated_Source\PSoC5/C_6.c **** 
 267:Generated_Source\PSoC5/C_6.c **** #if(!C_6_ControlRegRemoved)
 268:Generated_Source\PSoC5/C_6.c **** /*******************************************************************************
 269:Generated_Source\PSoC5/C_6.c **** * Function Name: C_6_ReadControlRegister
 270:Generated_Source\PSoC5/C_6.c **** ********************************************************************************
 271:Generated_Source\PSoC5/C_6.c **** * Summary:
 272:Generated_Source\PSoC5/C_6.c **** *   Reads the control register and returns it's state. This function should use
 273:Generated_Source\PSoC5/C_6.c **** *       defined types for the bit-field information as the bits in this
 274:Generated_Source\PSoC5/C_6.c **** *       register may be permuteable.
 275:Generated_Source\PSoC5/C_6.c **** *
 276:Generated_Source\PSoC5/C_6.c **** * Parameters:  
 277:Generated_Source\PSoC5/C_6.c **** *  void
 278:Generated_Source\PSoC5/C_6.c **** *
 279:Generated_Source\PSoC5/C_6.c **** * Return: 
 280:Generated_Source\PSoC5/C_6.c **** *  (uint8) The contents of the control register
 281:Generated_Source\PSoC5/C_6.c **** *
 282:Generated_Source\PSoC5/C_6.c **** *******************************************************************************/
 283:Generated_Source\PSoC5/C_6.c **** uint8   C_6_ReadControlRegister(void) 
 284:Generated_Source\PSoC5/C_6.c **** {
 150              		.loc 1 284 0
 151              		.cfi_startproc
 152              		@ args = 0, pretend = 0, frame = 0
 153              		@ frame_needed = 0, uses_anonymous_args = 0
 154              		@ link register save eliminated.
 285:Generated_Source\PSoC5/C_6.c ****     return C_6_CONTROL;
 155              		.loc 1 285 0
 156 0000 014B     		ldr	r3, .L14
 157 0002 1878     		ldrb	r0, [r3]	@ zero_extendqisi2
 286:Generated_Source\PSoC5/C_6.c **** }
 158              		.loc 1 286 0
 159 0004 7047     		bx	lr
 160              	.L15:
 161 0006 00BF     		.align	2
 162              	.L14:
 163 0008 004F0040 		.word	1073762048
 164              		.cfi_endproc
 165              	.LFE6:
 166              		.size	C_6_ReadControlRegister, .-C_6_ReadControlRegister
 167              		.section	.text.C_6_WriteControlRegister,"ax",%progbits
 168              		.align	2
 169              		.global	C_6_WriteControlRegister
 170              		.thumb
ARM GAS  C:\Users\Rob\AppData\Local\Temp\ccoxlHcK.s 			page 9


 171              		.thumb_func
 172              		.type	C_6_WriteControlRegister, %function
 173              	C_6_WriteControlRegister:
 174              	.LFB7:
 287:Generated_Source\PSoC5/C_6.c **** 
 288:Generated_Source\PSoC5/C_6.c **** 
 289:Generated_Source\PSoC5/C_6.c **** /*******************************************************************************
 290:Generated_Source\PSoC5/C_6.c **** * Function Name: C_6_WriteControlRegister
 291:Generated_Source\PSoC5/C_6.c **** ********************************************************************************
 292:Generated_Source\PSoC5/C_6.c **** * Summary:
 293:Generated_Source\PSoC5/C_6.c **** *   Sets the bit-field of the control register.  This function should use
 294:Generated_Source\PSoC5/C_6.c **** *       defined types for the bit-field information as the bits in this
 295:Generated_Source\PSoC5/C_6.c **** *       register may be permuteable.
 296:Generated_Source\PSoC5/C_6.c **** *
 297:Generated_Source\PSoC5/C_6.c **** * Parameters:  
 298:Generated_Source\PSoC5/C_6.c **** *  void
 299:Generated_Source\PSoC5/C_6.c **** *
 300:Generated_Source\PSoC5/C_6.c **** * Return: 
 301:Generated_Source\PSoC5/C_6.c **** *  (uint8) The contents of the control register
 302:Generated_Source\PSoC5/C_6.c **** *
 303:Generated_Source\PSoC5/C_6.c **** *******************************************************************************/
 304:Generated_Source\PSoC5/C_6.c **** void    C_6_WriteControlRegister(uint8 control) 
 305:Generated_Source\PSoC5/C_6.c **** {
 175              		.loc 1 305 0
 176              		.cfi_startproc
 177              		@ args = 0, pretend = 0, frame = 0
 178              		@ frame_needed = 0, uses_anonymous_args = 0
 179              		@ link register save eliminated.
 180              	.LVL1:
 306:Generated_Source\PSoC5/C_6.c ****     C_6_CONTROL = control;
 181              		.loc 1 306 0
 182 0000 014B     		ldr	r3, .L17
 183 0002 1870     		strb	r0, [r3]
 184 0004 7047     		bx	lr
 185              	.L18:
 186 0006 00BF     		.align	2
 187              	.L17:
 188 0008 004F0040 		.word	1073762048
 189              		.cfi_endproc
 190              	.LFE7:
 191              		.size	C_6_WriteControlRegister, .-C_6_WriteControlRegister
 192              		.section	.text.C_6_WriteCounter,"ax",%progbits
 193              		.align	2
 194              		.global	C_6_WriteCounter
 195              		.thumb
 196              		.thumb_func
 197              		.type	C_6_WriteCounter, %function
 198              	C_6_WriteCounter:
 199              	.LFB8:
 307:Generated_Source\PSoC5/C_6.c **** }
 308:Generated_Source\PSoC5/C_6.c **** 
 309:Generated_Source\PSoC5/C_6.c **** #endif  /* (!C_6_ControlRegRemoved) */
 310:Generated_Source\PSoC5/C_6.c **** 
 311:Generated_Source\PSoC5/C_6.c **** 
 312:Generated_Source\PSoC5/C_6.c **** #if (!(C_6_UsingFixedFunction && (CY_PSOC5A)))
 313:Generated_Source\PSoC5/C_6.c **** /*******************************************************************************
 314:Generated_Source\PSoC5/C_6.c **** * Function Name: C_6_WriteCounter
ARM GAS  C:\Users\Rob\AppData\Local\Temp\ccoxlHcK.s 			page 10


 315:Generated_Source\PSoC5/C_6.c **** ********************************************************************************
 316:Generated_Source\PSoC5/C_6.c **** * Summary:
 317:Generated_Source\PSoC5/C_6.c **** *   This funtion is used to set the counter to a specific value
 318:Generated_Source\PSoC5/C_6.c **** *
 319:Generated_Source\PSoC5/C_6.c **** * Parameters:  
 320:Generated_Source\PSoC5/C_6.c **** *  counter:  New counter value. 
 321:Generated_Source\PSoC5/C_6.c **** *
 322:Generated_Source\PSoC5/C_6.c **** * Return: 
 323:Generated_Source\PSoC5/C_6.c **** *  void 
 324:Generated_Source\PSoC5/C_6.c **** *
 325:Generated_Source\PSoC5/C_6.c **** *******************************************************************************/
 326:Generated_Source\PSoC5/C_6.c **** void C_6_WriteCounter(uint16 counter) \
 327:Generated_Source\PSoC5/C_6.c ****                                    
 328:Generated_Source\PSoC5/C_6.c **** {
 200              		.loc 1 328 0
 201              		.cfi_startproc
 202              		@ args = 0, pretend = 0, frame = 0
 203              		@ frame_needed = 0, uses_anonymous_args = 0
 204              	.LVL2:
 205 0000 10B5     		push	{r4, lr}
 206              		.cfi_def_cfa_offset 8
 207              		.cfi_offset 4, -8
 208              		.cfi_offset 14, -4
 209 0002 0446     		mov	r4, r0
 329:Generated_Source\PSoC5/C_6.c ****     #if(C_6_UsingFixedFunction)
 330:Generated_Source\PSoC5/C_6.c ****         /* assert if block is already enabled */
 331:Generated_Source\PSoC5/C_6.c ****         CYASSERT (0u == (C_6_GLOBAL_ENABLE & C_6_BLOCK_EN_MASK));
 210              		.loc 1 331 0
 211 0004 094B     		ldr	r3, .L22
 212 0006 1B78     		ldrb	r3, [r3]	@ zero_extendqisi2
 213 0008 13F0010F 		tst	r3, #1
 214 000c 02D0     		beq	.L20
 215              		.loc 1 331 0 is_stmt 0 discriminator 1
 216 000e 0020     		movs	r0, #0
 217              	.LVL3:
 218 0010 FFF7FEFF 		bl	CyHalt
 219              	.LVL4:
 220              	.L20:
 332:Generated_Source\PSoC5/C_6.c ****         /* If block is disabled, enable it and then write the counter */
 333:Generated_Source\PSoC5/C_6.c ****         C_6_GLOBAL_ENABLE |= C_6_BLOCK_EN_MASK;
 221              		.loc 1 333 0 is_stmt 1
 222 0014 054B     		ldr	r3, .L22
 223 0016 1A78     		ldrb	r2, [r3]	@ zero_extendqisi2
 224 0018 42F00102 		orr	r2, r2, #1
 225 001c 1A70     		strb	r2, [r3]
 334:Generated_Source\PSoC5/C_6.c ****         CY_SET_REG16(C_6_COUNTER_LSB_PTR, (uint16)counter);
 226              		.loc 1 334 0
 227 001e 044A     		ldr	r2, .L22+4
 228 0020 1480     		strh	r4, [r2]	@ movhi
 335:Generated_Source\PSoC5/C_6.c ****         C_6_GLOBAL_ENABLE &= ((uint8)(~C_6_BLOCK_EN_MASK));
 229              		.loc 1 335 0
 230 0022 1A78     		ldrb	r2, [r3]	@ zero_extendqisi2
 231 0024 02F0FE02 		and	r2, r2, #254
 232 0028 1A70     		strb	r2, [r3]
 233 002a 10BD     		pop	{r4, pc}
 234              	.L23:
 235              		.align	2
ARM GAS  C:\Users\Rob\AppData\Local\Temp\ccoxlHcK.s 			page 11


 236              	.L22:
 237 002c A3430040 		.word	1073759139
 238 0030 064F0040 		.word	1073762054
 239              		.cfi_endproc
 240              	.LFE8:
 241              		.size	C_6_WriteCounter, .-C_6_WriteCounter
 242              		.section	.text.C_6_ReadCounter,"ax",%progbits
 243              		.align	2
 244              		.global	C_6_ReadCounter
 245              		.thumb
 246              		.thumb_func
 247              		.type	C_6_ReadCounter, %function
 248              	C_6_ReadCounter:
 249              	.LFB9:
 336:Generated_Source\PSoC5/C_6.c ****     #else
 337:Generated_Source\PSoC5/C_6.c ****         CY_SET_REG16(C_6_COUNTER_LSB_PTR, counter);
 338:Generated_Source\PSoC5/C_6.c ****     #endif /* (C_6_UsingFixedFunction) */
 339:Generated_Source\PSoC5/C_6.c **** }
 340:Generated_Source\PSoC5/C_6.c **** #endif /* (!(C_6_UsingFixedFunction && (CY_PSOC5A))) */
 341:Generated_Source\PSoC5/C_6.c **** 
 342:Generated_Source\PSoC5/C_6.c **** 
 343:Generated_Source\PSoC5/C_6.c **** /*******************************************************************************
 344:Generated_Source\PSoC5/C_6.c **** * Function Name: C_6_ReadCounter
 345:Generated_Source\PSoC5/C_6.c **** ********************************************************************************
 346:Generated_Source\PSoC5/C_6.c **** * Summary:
 347:Generated_Source\PSoC5/C_6.c **** * Returns the current value of the counter.  It doesn't matter
 348:Generated_Source\PSoC5/C_6.c **** * if the counter is enabled or running.
 349:Generated_Source\PSoC5/C_6.c **** *
 350:Generated_Source\PSoC5/C_6.c **** * Parameters:  
 351:Generated_Source\PSoC5/C_6.c **** *  void:  
 352:Generated_Source\PSoC5/C_6.c **** *
 353:Generated_Source\PSoC5/C_6.c **** * Return: 
 354:Generated_Source\PSoC5/C_6.c **** *  (uint16) The present value of the counter.
 355:Generated_Source\PSoC5/C_6.c **** *
 356:Generated_Source\PSoC5/C_6.c **** *******************************************************************************/
 357:Generated_Source\PSoC5/C_6.c **** uint16 C_6_ReadCounter(void) 
 358:Generated_Source\PSoC5/C_6.c **** {
 250              		.loc 1 358 0
 251              		.cfi_startproc
 252              		@ args = 0, pretend = 0, frame = 0
 253              		@ frame_needed = 0, uses_anonymous_args = 0
 254              		@ link register save eliminated.
 359:Generated_Source\PSoC5/C_6.c ****     /* Force capture by reading Accumulator */
 360:Generated_Source\PSoC5/C_6.c ****     /* Must first do a software capture to be able to read the counter */
 361:Generated_Source\PSoC5/C_6.c ****     /* It is up to the user code to make sure there isn't already captured data in the FIFO */
 362:Generated_Source\PSoC5/C_6.c ****     #if(C_6_UsingFixedFunction)
 363:Generated_Source\PSoC5/C_6.c **** 		(void)CY_GET_REG16(C_6_COUNTER_LSB_PTR);
 255              		.loc 1 363 0
 256 0000 024B     		ldr	r3, .L25
 257 0002 1B88     		ldrh	r3, [r3]
 364:Generated_Source\PSoC5/C_6.c **** 	#else
 365:Generated_Source\PSoC5/C_6.c **** 		(void)CY_GET_REG8(C_6_COUNTER_LSB_PTR_8BIT);
 366:Generated_Source\PSoC5/C_6.c **** 	#endif/* (C_6_UsingFixedFunction) */
 367:Generated_Source\PSoC5/C_6.c ****     
 368:Generated_Source\PSoC5/C_6.c ****     /* Read the data from the FIFO (or capture register for Fixed Function)*/
 369:Generated_Source\PSoC5/C_6.c ****     #if(C_6_UsingFixedFunction)
 370:Generated_Source\PSoC5/C_6.c ****         return ((uint16)CY_GET_REG16(C_6_STATICCOUNT_LSB_PTR));
ARM GAS  C:\Users\Rob\AppData\Local\Temp\ccoxlHcK.s 			page 12


 258              		.loc 1 370 0
 259 0004 024B     		ldr	r3, .L25+4
 260 0006 1888     		ldrh	r0, [r3]
 371:Generated_Source\PSoC5/C_6.c ****     #else
 372:Generated_Source\PSoC5/C_6.c ****         return (CY_GET_REG16(C_6_STATICCOUNT_LSB_PTR));
 373:Generated_Source\PSoC5/C_6.c ****     #endif /* (C_6_UsingFixedFunction) */
 374:Generated_Source\PSoC5/C_6.c **** }
 261              		.loc 1 374 0
 262 0008 80B2     		uxth	r0, r0
 263 000a 7047     		bx	lr
 264              	.L26:
 265              		.align	2
 266              	.L25:
 267 000c 064F0040 		.word	1073762054
 268 0010 084F0040 		.word	1073762056
 269              		.cfi_endproc
 270              	.LFE9:
 271              		.size	C_6_ReadCounter, .-C_6_ReadCounter
 272              		.section	.text.C_6_ReadCapture,"ax",%progbits
 273              		.align	2
 274              		.global	C_6_ReadCapture
 275              		.thumb
 276              		.thumb_func
 277              		.type	C_6_ReadCapture, %function
 278              	C_6_ReadCapture:
 279              	.LFB10:
 375:Generated_Source\PSoC5/C_6.c **** 
 376:Generated_Source\PSoC5/C_6.c **** 
 377:Generated_Source\PSoC5/C_6.c **** /*******************************************************************************
 378:Generated_Source\PSoC5/C_6.c **** * Function Name: C_6_ReadCapture
 379:Generated_Source\PSoC5/C_6.c **** ********************************************************************************
 380:Generated_Source\PSoC5/C_6.c **** * Summary:
 381:Generated_Source\PSoC5/C_6.c **** *   This function returns the last value captured.
 382:Generated_Source\PSoC5/C_6.c **** *
 383:Generated_Source\PSoC5/C_6.c **** * Parameters:  
 384:Generated_Source\PSoC5/C_6.c **** *  void
 385:Generated_Source\PSoC5/C_6.c **** *
 386:Generated_Source\PSoC5/C_6.c **** * Return: 
 387:Generated_Source\PSoC5/C_6.c **** *  (uint16) Present Capture value.
 388:Generated_Source\PSoC5/C_6.c **** *
 389:Generated_Source\PSoC5/C_6.c **** *******************************************************************************/
 390:Generated_Source\PSoC5/C_6.c **** uint16 C_6_ReadCapture(void) 
 391:Generated_Source\PSoC5/C_6.c **** {
 280              		.loc 1 391 0
 281              		.cfi_startproc
 282              		@ args = 0, pretend = 0, frame = 0
 283              		@ frame_needed = 0, uses_anonymous_args = 0
 284              		@ link register save eliminated.
 392:Generated_Source\PSoC5/C_6.c ****     #if(C_6_UsingFixedFunction)
 393:Generated_Source\PSoC5/C_6.c ****         return ((uint16)CY_GET_REG16(C_6_STATICCOUNT_LSB_PTR));
 285              		.loc 1 393 0
 286 0000 014B     		ldr	r3, .L28
 287 0002 1888     		ldrh	r0, [r3]
 394:Generated_Source\PSoC5/C_6.c ****     #else
 395:Generated_Source\PSoC5/C_6.c ****         return (CY_GET_REG16(C_6_STATICCOUNT_LSB_PTR));
 396:Generated_Source\PSoC5/C_6.c ****     #endif /* (C_6_UsingFixedFunction) */
 397:Generated_Source\PSoC5/C_6.c **** }
ARM GAS  C:\Users\Rob\AppData\Local\Temp\ccoxlHcK.s 			page 13


 288              		.loc 1 397 0
 289 0004 80B2     		uxth	r0, r0
 290 0006 7047     		bx	lr
 291              	.L29:
 292              		.align	2
 293              	.L28:
 294 0008 084F0040 		.word	1073762056
 295              		.cfi_endproc
 296              	.LFE10:
 297              		.size	C_6_ReadCapture, .-C_6_ReadCapture
 298              		.section	.text.C_6_WritePeriod,"ax",%progbits
 299              		.align	2
 300              		.global	C_6_WritePeriod
 301              		.thumb
 302              		.thumb_func
 303              		.type	C_6_WritePeriod, %function
 304              	C_6_WritePeriod:
 305              	.LFB11:
 398:Generated_Source\PSoC5/C_6.c **** 
 399:Generated_Source\PSoC5/C_6.c **** 
 400:Generated_Source\PSoC5/C_6.c **** /*******************************************************************************
 401:Generated_Source\PSoC5/C_6.c **** * Function Name: C_6_WritePeriod
 402:Generated_Source\PSoC5/C_6.c **** ********************************************************************************
 403:Generated_Source\PSoC5/C_6.c **** * Summary:
 404:Generated_Source\PSoC5/C_6.c **** * Changes the period of the counter.  The new period 
 405:Generated_Source\PSoC5/C_6.c **** * will be loaded the next time terminal count is detected.
 406:Generated_Source\PSoC5/C_6.c **** *
 407:Generated_Source\PSoC5/C_6.c **** * Parameters:  
 408:Generated_Source\PSoC5/C_6.c **** *  period: (uint16) A value of 0 will result in
 409:Generated_Source\PSoC5/C_6.c **** *         the counter remaining at zero.  
 410:Generated_Source\PSoC5/C_6.c **** *
 411:Generated_Source\PSoC5/C_6.c **** * Return: 
 412:Generated_Source\PSoC5/C_6.c **** *  void
 413:Generated_Source\PSoC5/C_6.c **** *
 414:Generated_Source\PSoC5/C_6.c **** *******************************************************************************/
 415:Generated_Source\PSoC5/C_6.c **** void C_6_WritePeriod(uint16 period) 
 416:Generated_Source\PSoC5/C_6.c **** {
 306              		.loc 1 416 0
 307              		.cfi_startproc
 308              		@ args = 0, pretend = 0, frame = 0
 309              		@ frame_needed = 0, uses_anonymous_args = 0
 310              		@ link register save eliminated.
 311              	.LVL5:
 417:Generated_Source\PSoC5/C_6.c ****     #if(C_6_UsingFixedFunction)
 418:Generated_Source\PSoC5/C_6.c ****         CY_SET_REG16(C_6_PERIOD_LSB_PTR,(uint16)period);
 312              		.loc 1 418 0
 313 0000 014B     		ldr	r3, .L31
 314 0002 1880     		strh	r0, [r3]	@ movhi
 315 0004 7047     		bx	lr
 316              	.L32:
 317 0006 00BF     		.align	2
 318              	.L31:
 319 0008 044F0040 		.word	1073762052
 320              		.cfi_endproc
 321              	.LFE11:
 322              		.size	C_6_WritePeriod, .-C_6_WritePeriod
 323              		.section	.text.C_6_Init,"ax",%progbits
ARM GAS  C:\Users\Rob\AppData\Local\Temp\ccoxlHcK.s 			page 14


 324              		.align	2
 325              		.global	C_6_Init
 326              		.thumb
 327              		.thumb_func
 328              		.type	C_6_Init, %function
 329              	C_6_Init:
 330              	.LFB0:
  38:Generated_Source\PSoC5/C_6.c ****         #if (!C_6_UsingFixedFunction && !C_6_ControlRegRemoved)
 331              		.loc 1 38 0
 332              		.cfi_startproc
 333              		@ args = 0, pretend = 0, frame = 0
 334              		@ frame_needed = 0, uses_anonymous_args = 0
 335 0000 08B5     		push	{r3, lr}
 336              		.cfi_def_cfa_offset 8
 337              		.cfi_offset 3, -8
 338              		.cfi_offset 14, -4
  50:Generated_Source\PSoC5/C_6.c ****             
 339              		.loc 1 50 0
 340 0002 154A     		ldr	r2, .L35
 341 0004 1378     		ldrb	r3, [r2]	@ zero_extendqisi2
 342 0006 03F00103 		and	r3, r3, #1
 343 000a 1370     		strb	r3, [r2]
  57:Generated_Source\PSoC5/C_6.c ****             #endif /* (CY_PSOC3 || CY_PSOC5LP) */
 344              		.loc 1 57 0
 345 000c 0232     		adds	r2, r2, #2
 346 000e 1378     		ldrb	r3, [r2]	@ zero_extendqisi2
 347 0010 03F0FC03 		and	r3, r3, #252
 348 0014 1370     		strb	r3, [r2]
  66:Generated_Source\PSoC5/C_6.c ****             
 349              		.loc 1 66 0
 350 0016 013A     		subs	r2, r2, #1
 351 0018 1378     		ldrb	r3, [r2]	@ zero_extendqisi2
 352 001a 43F00103 		orr	r3, r3, #1
 353 001e 1370     		strb	r3, [r2]
  69:Generated_Source\PSoC5/C_6.c ****             C_6_RT1 |= C_6_SYNC;     
 354              		.loc 1 69 0
 355 0020 0E4B     		ldr	r3, .L35+4
 356 0022 1A78     		ldrb	r2, [r3]	@ zero_extendqisi2
 357 0024 02F0CF02 		and	r2, r2, #207
 358 0028 1A70     		strb	r2, [r3]
  70:Generated_Source\PSoC5/C_6.c ****                     
 359              		.loc 1 70 0
 360 002a 1A78     		ldrb	r2, [r3]	@ zero_extendqisi2
 361 002c 42F03002 		orr	r2, r2, #48
 362 0030 1A70     		strb	r2, [r3]
  73:Generated_Source\PSoC5/C_6.c ****             C_6_RT1 |= C_6_SYNCDSI_EN;
 363              		.loc 1 73 0
 364 0032 1A78     		ldrb	r2, [r3]	@ zero_extendqisi2
 365 0034 02F0F002 		and	r2, r2, #240
 366 0038 1A70     		strb	r2, [r3]
  74:Generated_Source\PSoC5/C_6.c **** 
 367              		.loc 1 74 0
 368 003a 1A78     		ldrb	r2, [r3]	@ zero_extendqisi2
 369 003c 42F00F02 		orr	r2, r2, #15
 370 0040 1A70     		strb	r2, [r3]
 100:Generated_Source\PSoC5/C_6.c ****         #if (!(C_6_UsingFixedFunction && (CY_PSOC5A)))
 371              		.loc 1 100 0
ARM GAS  C:\Users\Rob\AppData\Local\Temp\ccoxlHcK.s 			page 15


 372 0042 40F27770 		movw	r0, #1911
 373 0046 FFF7FEFF 		bl	C_6_WritePeriod
 374              	.LVL6:
 102:Generated_Source\PSoC5/C_6.c ****         #endif /* (!(C_6_UsingFixedFunction && (CY_PSOC5A))) */
 375              		.loc 1 102 0
 376 004a 0020     		movs	r0, #0
 377 004c FFF7FEFF 		bl	C_6_WriteCounter
 378              	.LVL7:
 104:Generated_Source\PSoC5/C_6.c ****         
 379              		.loc 1 104 0
 380 0050 0020     		movs	r0, #0
 381 0052 FFF7FEFF 		bl	C_6_SetInterruptMode
 382              	.LVL8:
 383 0056 08BD     		pop	{r3, pc}
 384              	.L36:
 385              		.align	2
 386              	.L35:
 387 0058 004F0040 		.word	1073762048
 388 005c 0B4F0040 		.word	1073762059
 389              		.cfi_endproc
 390              	.LFE0:
 391              		.size	C_6_Init, .-C_6_Init
 392              		.section	.text.C_6_Start,"ax",%progbits
 393              		.align	2
 394              		.global	C_6_Start
 395              		.thumb
 396              		.thumb_func
 397              		.type	C_6_Start, %function
 398              	C_6_Start:
 399              	.LFB2:
 179:Generated_Source\PSoC5/C_6.c ****     if(C_6_initVar == 0u)
 400              		.loc 1 179 0
 401              		.cfi_startproc
 402              		@ args = 0, pretend = 0, frame = 0
 403              		@ frame_needed = 0, uses_anonymous_args = 0
 404 0000 08B5     		push	{r3, lr}
 405              		.cfi_def_cfa_offset 8
 406              		.cfi_offset 3, -8
 407              		.cfi_offset 14, -4
 180:Generated_Source\PSoC5/C_6.c ****     {
 408              		.loc 1 180 0
 409 0002 054B     		ldr	r3, .L40
 410 0004 1B78     		ldrb	r3, [r3]	@ zero_extendqisi2
 411 0006 23B9     		cbnz	r3, .L38
 182:Generated_Source\PSoC5/C_6.c ****         
 412              		.loc 1 182 0
 413 0008 FFF7FEFF 		bl	C_6_Init
 414              	.LVL9:
 184:Generated_Source\PSoC5/C_6.c ****     }
 415              		.loc 1 184 0
 416 000c 0122     		movs	r2, #1
 417 000e 024B     		ldr	r3, .L40
 418 0010 1A70     		strb	r2, [r3]
 419              	.L38:
 188:Generated_Source\PSoC5/C_6.c **** }
 420              		.loc 1 188 0
 421 0012 FFF7FEFF 		bl	C_6_Enable
ARM GAS  C:\Users\Rob\AppData\Local\Temp\ccoxlHcK.s 			page 16


 422              	.LVL10:
 423 0016 08BD     		pop	{r3, pc}
 424              	.L41:
 425              		.align	2
 426              	.L40:
 427 0018 00000000 		.word	.LANCHOR0
 428              		.cfi_endproc
 429              	.LFE2:
 430              		.size	C_6_Start, .-C_6_Start
 431              		.section	.text.C_6_ReadPeriod,"ax",%progbits
 432              		.align	2
 433              		.global	C_6_ReadPeriod
 434              		.thumb
 435              		.thumb_func
 436              		.type	C_6_ReadPeriod, %function
 437              	C_6_ReadPeriod:
 438              	.LFB12:
 419:Generated_Source\PSoC5/C_6.c ****     #else
 420:Generated_Source\PSoC5/C_6.c ****         CY_SET_REG16(C_6_PERIOD_LSB_PTR, period);
 421:Generated_Source\PSoC5/C_6.c ****     #endif /* (C_6_UsingFixedFunction) */
 422:Generated_Source\PSoC5/C_6.c **** }
 423:Generated_Source\PSoC5/C_6.c **** 
 424:Generated_Source\PSoC5/C_6.c **** 
 425:Generated_Source\PSoC5/C_6.c **** /*******************************************************************************
 426:Generated_Source\PSoC5/C_6.c **** * Function Name: C_6_ReadPeriod
 427:Generated_Source\PSoC5/C_6.c **** ********************************************************************************
 428:Generated_Source\PSoC5/C_6.c **** * Summary:
 429:Generated_Source\PSoC5/C_6.c **** * Reads the current period value without affecting counter operation.
 430:Generated_Source\PSoC5/C_6.c **** *
 431:Generated_Source\PSoC5/C_6.c **** * Parameters:  
 432:Generated_Source\PSoC5/C_6.c **** *  void:  
 433:Generated_Source\PSoC5/C_6.c **** *
 434:Generated_Source\PSoC5/C_6.c **** * Return: 
 435:Generated_Source\PSoC5/C_6.c **** *  (uint16) Present period value.
 436:Generated_Source\PSoC5/C_6.c **** *
 437:Generated_Source\PSoC5/C_6.c **** *******************************************************************************/
 438:Generated_Source\PSoC5/C_6.c **** uint16 C_6_ReadPeriod(void) 
 439:Generated_Source\PSoC5/C_6.c **** {
 439              		.loc 1 439 0
 440              		.cfi_startproc
 441              		@ args = 0, pretend = 0, frame = 0
 442              		@ frame_needed = 0, uses_anonymous_args = 0
 443              		@ link register save eliminated.
 440:Generated_Source\PSoC5/C_6.c ****     #if(C_6_UsingFixedFunction)
 441:Generated_Source\PSoC5/C_6.c ****         return ((uint16)CY_GET_REG16(C_6_PERIOD_LSB_PTR));
 444              		.loc 1 441 0
 445 0000 014B     		ldr	r3, .L43
 446 0002 1888     		ldrh	r0, [r3]
 442:Generated_Source\PSoC5/C_6.c ****     #else
 443:Generated_Source\PSoC5/C_6.c ****         return (CY_GET_REG16(C_6_PERIOD_LSB_PTR));
 444:Generated_Source\PSoC5/C_6.c ****     #endif /* (C_6_UsingFixedFunction) */
 445:Generated_Source\PSoC5/C_6.c **** }
 447              		.loc 1 445 0
 448 0004 80B2     		uxth	r0, r0
 449 0006 7047     		bx	lr
 450              	.L44:
 451              		.align	2
ARM GAS  C:\Users\Rob\AppData\Local\Temp\ccoxlHcK.s 			page 17


 452              	.L43:
 453 0008 044F0040 		.word	1073762052
 454              		.cfi_endproc
 455              	.LFE12:
 456              		.size	C_6_ReadPeriod, .-C_6_ReadPeriod
 457              		.global	C_6_initVar
 458              		.bss
 459              		.set	.LANCHOR0,. + 0
 460              		.type	C_6_initVar, %object
 461              		.size	C_6_initVar, 1
 462              	C_6_initVar:
 463 0000 00       		.space	1
 464              		.text
 465              	.Letext0:
 466              		.file 2 "Generated_Source\\PSoC5\\cytypes.h"
 467              		.file 3 "Generated_Source\\PSoC5\\CyLib.h"
 468              		.section	.debug_info,"",%progbits
 469              	.Ldebug_info0:
 470 0000 89020000 		.4byte	0x289
 471 0004 0400     		.2byte	0x4
 472 0006 00000000 		.4byte	.Ldebug_abbrev0
 473 000a 04       		.byte	0x4
 474 000b 01       		.uleb128 0x1
 475 000c 80000000 		.4byte	.LASF35
 476 0010 0C       		.byte	0xc
 477 0011 E0010000 		.4byte	.LASF36
 478 0015 20020000 		.4byte	.LASF37
 479 0019 00000000 		.4byte	.Ldebug_ranges0+0
 480 001d 00000000 		.4byte	0
 481 0021 00000000 		.4byte	.Ldebug_line0
 482 0025 02       		.uleb128 0x2
 483 0026 01       		.byte	0x1
 484 0027 06       		.byte	0x6
 485 0028 88020000 		.4byte	.LASF0
 486 002c 02       		.uleb128 0x2
 487 002d 01       		.byte	0x1
 488 002e 08       		.byte	0x8
 489 002f 72000000 		.4byte	.LASF1
 490 0033 02       		.uleb128 0x2
 491 0034 02       		.byte	0x2
 492 0035 05       		.byte	0x5
 493 0036 60020000 		.4byte	.LASF2
 494 003a 02       		.uleb128 0x2
 495 003b 02       		.byte	0x2
 496 003c 07       		.byte	0x7
 497 003d 2C000000 		.4byte	.LASF3
 498 0041 02       		.uleb128 0x2
 499 0042 04       		.byte	0x4
 500 0043 05       		.byte	0x5
 501 0044 73020000 		.4byte	.LASF4
 502 0048 02       		.uleb128 0x2
 503 0049 04       		.byte	0x4
 504 004a 07       		.byte	0x7
 505 004b 13010000 		.4byte	.LASF5
 506 004f 02       		.uleb128 0x2
 507 0050 08       		.byte	0x8
 508 0051 05       		.byte	0x5
ARM GAS  C:\Users\Rob\AppData\Local\Temp\ccoxlHcK.s 			page 18


 509 0052 0D020000 		.4byte	.LASF6
 510 0056 02       		.uleb128 0x2
 511 0057 08       		.byte	0x8
 512 0058 07       		.byte	0x7
 513 0059 C9010000 		.4byte	.LASF7
 514 005d 03       		.uleb128 0x3
 515 005e 04       		.byte	0x4
 516 005f 05       		.byte	0x5
 517 0060 696E7400 		.ascii	"int\000"
 518 0064 02       		.uleb128 0x2
 519 0065 04       		.byte	0x4
 520 0066 07       		.byte	0x7
 521 0067 B0010000 		.4byte	.LASF8
 522 006b 04       		.uleb128 0x4
 523 006c 25010000 		.4byte	.LASF9
 524 0070 02       		.byte	0x2
 525 0071 9201     		.2byte	0x192
 526 0073 2C000000 		.4byte	0x2c
 527 0077 04       		.uleb128 0x4
 528 0078 90010000 		.4byte	.LASF10
 529 007c 02       		.byte	0x2
 530 007d 9301     		.2byte	0x193
 531 007f 3A000000 		.4byte	0x3a
 532 0083 02       		.uleb128 0x2
 533 0084 04       		.byte	0x4
 534 0085 04       		.byte	0x4
 535 0086 54000000 		.4byte	.LASF11
 536 008a 02       		.uleb128 0x2
 537 008b 08       		.byte	0x8
 538 008c 04       		.byte	0x4
 539 008d 80010000 		.4byte	.LASF12
 540 0091 02       		.uleb128 0x2
 541 0092 01       		.byte	0x1
 542 0093 08       		.byte	0x8
 543 0094 1B020000 		.4byte	.LASF13
 544 0098 04       		.uleb128 0x4
 545 0099 0E010000 		.4byte	.LASF14
 546 009d 02       		.byte	0x2
 547 009e 3C02     		.2byte	0x23c
 548 00a0 A4000000 		.4byte	0xa4
 549 00a4 05       		.uleb128 0x5
 550 00a5 6B000000 		.4byte	0x6b
 551 00a9 04       		.uleb128 0x4
 552 00aa 00000000 		.4byte	.LASF15
 553 00ae 02       		.byte	0x2
 554 00af 3D02     		.2byte	0x23d
 555 00b1 B5000000 		.4byte	0xb5
 556 00b5 05       		.uleb128 0x5
 557 00b6 77000000 		.4byte	0x77
 558 00ba 02       		.uleb128 0x2
 559 00bb 08       		.byte	0x8
 560 00bc 04       		.byte	0x4
 561 00bd 7C020000 		.4byte	.LASF16
 562 00c1 02       		.uleb128 0x2
 563 00c2 04       		.byte	0x4
 564 00c3 07       		.byte	0x7
 565 00c4 04020000 		.4byte	.LASF17
ARM GAS  C:\Users\Rob\AppData\Local\Temp\ccoxlHcK.s 			page 19


 566 00c8 06       		.uleb128 0x6
 567 00c9 3F000000 		.4byte	.LASF18
 568 00cd 01       		.byte	0x1
 569 00ce 8F       		.byte	0x8f
 570 00cf 00000000 		.4byte	.LFB1
 571 00d3 28000000 		.4byte	.LFE1-.LFB1
 572 00d7 01       		.uleb128 0x1
 573 00d8 9C       		.byte	0x9c
 574 00d9 06       		.uleb128 0x6
 575 00da 6A020000 		.4byte	.LASF19
 576 00de 01       		.byte	0x1
 577 00df D0       		.byte	0xd0
 578 00e0 00000000 		.4byte	.LFB3
 579 00e4 28000000 		.4byte	.LFE3-.LFB3
 580 00e8 01       		.uleb128 0x1
 581 00e9 9C       		.byte	0x9c
 582 00ea 07       		.uleb128 0x7
 583 00eb 53010000 		.4byte	.LASF22
 584 00ef 01       		.byte	0x1
 585 00f0 ED       		.byte	0xed
 586 00f1 00000000 		.4byte	.LFB4
 587 00f5 0C000000 		.4byte	.LFE4-.LFB4
 588 00f9 01       		.uleb128 0x1
 589 00fa 9C       		.byte	0x9c
 590 00fb 0D010000 		.4byte	0x10d
 591 00ff 08       		.uleb128 0x8
 592 0100 33010000 		.4byte	.LASF24
 593 0104 01       		.byte	0x1
 594 0105 ED       		.byte	0xed
 595 0106 6B000000 		.4byte	0x6b
 596 010a 01       		.uleb128 0x1
 597 010b 50       		.byte	0x50
 598 010c 00       		.byte	0
 599 010d 09       		.uleb128 0x9
 600 010e 94020000 		.4byte	.LASF20
 601 0112 01       		.byte	0x1
 602 0113 0501     		.2byte	0x105
 603 0115 6B000000 		.4byte	0x6b
 604 0119 00000000 		.4byte	.LFB5
 605 011d 0C000000 		.4byte	.LFE5-.LFB5
 606 0121 01       		.uleb128 0x1
 607 0122 9C       		.byte	0x9c
 608 0123 09       		.uleb128 0x9
 609 0124 68010000 		.4byte	.LASF21
 610 0128 01       		.byte	0x1
 611 0129 1B01     		.2byte	0x11b
 612 012b 6B000000 		.4byte	0x6b
 613 012f 00000000 		.4byte	.LFB6
 614 0133 0C000000 		.4byte	.LFE6-.LFB6
 615 0137 01       		.uleb128 0x1
 616 0138 9C       		.byte	0x9c
 617 0139 0A       		.uleb128 0xa
 618 013a 97010000 		.4byte	.LASF23
 619 013e 01       		.byte	0x1
 620 013f 3001     		.2byte	0x130
 621 0141 00000000 		.4byte	.LFB7
 622 0145 0C000000 		.4byte	.LFE7-.LFB7
ARM GAS  C:\Users\Rob\AppData\Local\Temp\ccoxlHcK.s 			page 20


 623 0149 01       		.uleb128 0x1
 624 014a 9C       		.byte	0x9c
 625 014b 5E010000 		.4byte	0x15e
 626 014f 0B       		.uleb128 0xb
 627 0150 2B010000 		.4byte	.LASF25
 628 0154 01       		.byte	0x1
 629 0155 3001     		.2byte	0x130
 630 0157 6B000000 		.4byte	0x6b
 631 015b 01       		.uleb128 0x1
 632 015c 50       		.byte	0x50
 633 015d 00       		.byte	0
 634 015e 0A       		.uleb128 0xa
 635 015f 42010000 		.4byte	.LASF26
 636 0163 01       		.byte	0x1
 637 0164 4601     		.2byte	0x146
 638 0166 00000000 		.4byte	.LFB8
 639 016a 34000000 		.4byte	.LFE8-.LFB8
 640 016e 01       		.uleb128 0x1
 641 016f 9C       		.byte	0x9c
 642 0170 94010000 		.4byte	0x194
 643 0174 0C       		.uleb128 0xc
 644 0175 5A000000 		.4byte	.LASF27
 645 0179 01       		.byte	0x1
 646 017a 4601     		.2byte	0x146
 647 017c 77000000 		.4byte	0x77
 648 0180 00000000 		.4byte	.LLST0
 649 0184 0D       		.uleb128 0xd
 650 0185 14000000 		.4byte	.LVL4
 651 0189 81020000 		.4byte	0x281
 652 018d 0E       		.uleb128 0xe
 653 018e 01       		.uleb128 0x1
 654 018f 50       		.byte	0x50
 655 0190 01       		.uleb128 0x1
 656 0191 30       		.byte	0x30
 657 0192 00       		.byte	0
 658 0193 00       		.byte	0
 659 0194 09       		.uleb128 0x9
 660 0195 15000000 		.4byte	.LASF28
 661 0199 01       		.byte	0x1
 662 019a 6501     		.2byte	0x165
 663 019c 77000000 		.4byte	0x77
 664 01a0 00000000 		.4byte	.LFB9
 665 01a4 14000000 		.4byte	.LFE9-.LFB9
 666 01a8 01       		.uleb128 0x1
 667 01a9 9C       		.byte	0x9c
 668 01aa 09       		.uleb128 0x9
 669 01ab 50020000 		.4byte	.LASF29
 670 01af 01       		.byte	0x1
 671 01b0 8601     		.2byte	0x186
 672 01b2 77000000 		.4byte	0x77
 673 01b6 00000000 		.4byte	.LFB10
 674 01ba 0C000000 		.4byte	.LFE10-.LFB10
 675 01be 01       		.uleb128 0x1
 676 01bf 9C       		.byte	0x9c
 677 01c0 0A       		.uleb128 0xa
 678 01c1 62000000 		.4byte	.LASF30
 679 01c5 01       		.byte	0x1
ARM GAS  C:\Users\Rob\AppData\Local\Temp\ccoxlHcK.s 			page 21


 680 01c6 9F01     		.2byte	0x19f
 681 01c8 00000000 		.4byte	.LFB11
 682 01cc 0C000000 		.4byte	.LFE11-.LFB11
 683 01d0 01       		.uleb128 0x1
 684 01d1 9C       		.byte	0x9c
 685 01d2 E5010000 		.4byte	0x1e5
 686 01d6 0B       		.uleb128 0xb
 687 01d7 25000000 		.4byte	.LASF31
 688 01db 01       		.byte	0x1
 689 01dc 9F01     		.2byte	0x19f
 690 01de 77000000 		.4byte	0x77
 691 01e2 01       		.uleb128 0x1
 692 01e3 50       		.byte	0x50
 693 01e4 00       		.byte	0
 694 01e5 07       		.uleb128 0x7
 695 01e6 87010000 		.4byte	.LASF32
 696 01ea 01       		.byte	0x1
 697 01eb 25       		.byte	0x25
 698 01ec 00000000 		.4byte	.LFB0
 699 01f0 60000000 		.4byte	.LFE0-.LFB0
 700 01f4 01       		.uleb128 0x1
 701 01f5 9C       		.byte	0x9c
 702 01f6 32020000 		.4byte	0x232
 703 01fa 0F       		.uleb128 0xf
 704 01fb 4A000000 		.4byte	.LVL6
 705 01ff C0010000 		.4byte	0x1c0
 706 0203 0F020000 		.4byte	0x20f
 707 0207 0E       		.uleb128 0xe
 708 0208 01       		.uleb128 0x1
 709 0209 50       		.byte	0x50
 710 020a 03       		.uleb128 0x3
 711 020b 0A       		.byte	0xa
 712 020c 7707     		.2byte	0x777
 713 020e 00       		.byte	0
 714 020f 0F       		.uleb128 0xf
 715 0210 50000000 		.4byte	.LVL7
 716 0214 5E010000 		.4byte	0x15e
 717 0218 22020000 		.4byte	0x222
 718 021c 0E       		.uleb128 0xe
 719 021d 01       		.uleb128 0x1
 720 021e 50       		.byte	0x50
 721 021f 01       		.uleb128 0x1
 722 0220 30       		.byte	0x30
 723 0221 00       		.byte	0
 724 0222 0D       		.uleb128 0xd
 725 0223 56000000 		.4byte	.LVL8
 726 0227 EA000000 		.4byte	0xea
 727 022b 0E       		.uleb128 0xe
 728 022c 01       		.uleb128 0x1
 729 022d 50       		.byte	0x50
 730 022e 01       		.uleb128 0x1
 731 022f 30       		.byte	0x30
 732 0230 00       		.byte	0
 733 0231 00       		.byte	0
 734 0232 07       		.uleb128 0x7
 735 0233 4A000000 		.4byte	.LASF33
 736 0237 01       		.byte	0x1
ARM GAS  C:\Users\Rob\AppData\Local\Temp\ccoxlHcK.s 			page 22


 737 0238 B2       		.byte	0xb2
 738 0239 00000000 		.4byte	.LFB2
 739 023d 1C000000 		.4byte	.LFE2-.LFB2
 740 0241 01       		.uleb128 0x1
 741 0242 9C       		.byte	0x9c
 742 0243 5A020000 		.4byte	0x25a
 743 0247 10       		.uleb128 0x10
 744 0248 0C000000 		.4byte	.LVL9
 745 024c E5010000 		.4byte	0x1e5
 746 0250 10       		.uleb128 0x10
 747 0251 16000000 		.4byte	.LVL10
 748 0255 C8000000 		.4byte	0xc8
 749 0259 00       		.byte	0
 750 025a 09       		.uleb128 0x9
 751 025b 06000000 		.4byte	.LASF34
 752 025f 01       		.byte	0x1
 753 0260 B601     		.2byte	0x1b6
 754 0262 77000000 		.4byte	0x77
 755 0266 00000000 		.4byte	.LFB12
 756 026a 0C000000 		.4byte	.LFE12-.LFB12
 757 026e 01       		.uleb128 0x1
 758 026f 9C       		.byte	0x9c
 759 0270 11       		.uleb128 0x11
 760 0271 BD010000 		.4byte	.LASF38
 761 0275 01       		.byte	0x1
 762 0276 15       		.byte	0x15
 763 0277 6B000000 		.4byte	0x6b
 764 027b 05       		.uleb128 0x5
 765 027c 03       		.byte	0x3
 766 027d 00000000 		.4byte	C_6_initVar
 767 0281 12       		.uleb128 0x12
 768 0282 FD010000 		.4byte	.LASF39
 769 0286 FD010000 		.4byte	.LASF39
 770 028a 03       		.byte	0x3
 771 028b 7F       		.byte	0x7f
 772 028c 00       		.byte	0
 773              		.section	.debug_abbrev,"",%progbits
 774              	.Ldebug_abbrev0:
 775 0000 01       		.uleb128 0x1
 776 0001 11       		.uleb128 0x11
 777 0002 01       		.byte	0x1
 778 0003 25       		.uleb128 0x25
 779 0004 0E       		.uleb128 0xe
 780 0005 13       		.uleb128 0x13
 781 0006 0B       		.uleb128 0xb
 782 0007 03       		.uleb128 0x3
 783 0008 0E       		.uleb128 0xe
 784 0009 1B       		.uleb128 0x1b
 785 000a 0E       		.uleb128 0xe
 786 000b 55       		.uleb128 0x55
 787 000c 17       		.uleb128 0x17
 788 000d 11       		.uleb128 0x11
 789 000e 01       		.uleb128 0x1
 790 000f 10       		.uleb128 0x10
 791 0010 17       		.uleb128 0x17
 792 0011 00       		.byte	0
 793 0012 00       		.byte	0
ARM GAS  C:\Users\Rob\AppData\Local\Temp\ccoxlHcK.s 			page 23


 794 0013 02       		.uleb128 0x2
 795 0014 24       		.uleb128 0x24
 796 0015 00       		.byte	0
 797 0016 0B       		.uleb128 0xb
 798 0017 0B       		.uleb128 0xb
 799 0018 3E       		.uleb128 0x3e
 800 0019 0B       		.uleb128 0xb
 801 001a 03       		.uleb128 0x3
 802 001b 0E       		.uleb128 0xe
 803 001c 00       		.byte	0
 804 001d 00       		.byte	0
 805 001e 03       		.uleb128 0x3
 806 001f 24       		.uleb128 0x24
 807 0020 00       		.byte	0
 808 0021 0B       		.uleb128 0xb
 809 0022 0B       		.uleb128 0xb
 810 0023 3E       		.uleb128 0x3e
 811 0024 0B       		.uleb128 0xb
 812 0025 03       		.uleb128 0x3
 813 0026 08       		.uleb128 0x8
 814 0027 00       		.byte	0
 815 0028 00       		.byte	0
 816 0029 04       		.uleb128 0x4
 817 002a 16       		.uleb128 0x16
 818 002b 00       		.byte	0
 819 002c 03       		.uleb128 0x3
 820 002d 0E       		.uleb128 0xe
 821 002e 3A       		.uleb128 0x3a
 822 002f 0B       		.uleb128 0xb
 823 0030 3B       		.uleb128 0x3b
 824 0031 05       		.uleb128 0x5
 825 0032 49       		.uleb128 0x49
 826 0033 13       		.uleb128 0x13
 827 0034 00       		.byte	0
 828 0035 00       		.byte	0
 829 0036 05       		.uleb128 0x5
 830 0037 35       		.uleb128 0x35
 831 0038 00       		.byte	0
 832 0039 49       		.uleb128 0x49
 833 003a 13       		.uleb128 0x13
 834 003b 00       		.byte	0
 835 003c 00       		.byte	0
 836 003d 06       		.uleb128 0x6
 837 003e 2E       		.uleb128 0x2e
 838 003f 00       		.byte	0
 839 0040 3F       		.uleb128 0x3f
 840 0041 19       		.uleb128 0x19
 841 0042 03       		.uleb128 0x3
 842 0043 0E       		.uleb128 0xe
 843 0044 3A       		.uleb128 0x3a
 844 0045 0B       		.uleb128 0xb
 845 0046 3B       		.uleb128 0x3b
 846 0047 0B       		.uleb128 0xb
 847 0048 27       		.uleb128 0x27
 848 0049 19       		.uleb128 0x19
 849 004a 11       		.uleb128 0x11
 850 004b 01       		.uleb128 0x1
ARM GAS  C:\Users\Rob\AppData\Local\Temp\ccoxlHcK.s 			page 24


 851 004c 12       		.uleb128 0x12
 852 004d 06       		.uleb128 0x6
 853 004e 40       		.uleb128 0x40
 854 004f 18       		.uleb128 0x18
 855 0050 9742     		.uleb128 0x2117
 856 0052 19       		.uleb128 0x19
 857 0053 00       		.byte	0
 858 0054 00       		.byte	0
 859 0055 07       		.uleb128 0x7
 860 0056 2E       		.uleb128 0x2e
 861 0057 01       		.byte	0x1
 862 0058 3F       		.uleb128 0x3f
 863 0059 19       		.uleb128 0x19
 864 005a 03       		.uleb128 0x3
 865 005b 0E       		.uleb128 0xe
 866 005c 3A       		.uleb128 0x3a
 867 005d 0B       		.uleb128 0xb
 868 005e 3B       		.uleb128 0x3b
 869 005f 0B       		.uleb128 0xb
 870 0060 27       		.uleb128 0x27
 871 0061 19       		.uleb128 0x19
 872 0062 11       		.uleb128 0x11
 873 0063 01       		.uleb128 0x1
 874 0064 12       		.uleb128 0x12
 875 0065 06       		.uleb128 0x6
 876 0066 40       		.uleb128 0x40
 877 0067 18       		.uleb128 0x18
 878 0068 9742     		.uleb128 0x2117
 879 006a 19       		.uleb128 0x19
 880 006b 01       		.uleb128 0x1
 881 006c 13       		.uleb128 0x13
 882 006d 00       		.byte	0
 883 006e 00       		.byte	0
 884 006f 08       		.uleb128 0x8
 885 0070 05       		.uleb128 0x5
 886 0071 00       		.byte	0
 887 0072 03       		.uleb128 0x3
 888 0073 0E       		.uleb128 0xe
 889 0074 3A       		.uleb128 0x3a
 890 0075 0B       		.uleb128 0xb
 891 0076 3B       		.uleb128 0x3b
 892 0077 0B       		.uleb128 0xb
 893 0078 49       		.uleb128 0x49
 894 0079 13       		.uleb128 0x13
 895 007a 02       		.uleb128 0x2
 896 007b 18       		.uleb128 0x18
 897 007c 00       		.byte	0
 898 007d 00       		.byte	0
 899 007e 09       		.uleb128 0x9
 900 007f 2E       		.uleb128 0x2e
 901 0080 00       		.byte	0
 902 0081 3F       		.uleb128 0x3f
 903 0082 19       		.uleb128 0x19
 904 0083 03       		.uleb128 0x3
 905 0084 0E       		.uleb128 0xe
 906 0085 3A       		.uleb128 0x3a
 907 0086 0B       		.uleb128 0xb
ARM GAS  C:\Users\Rob\AppData\Local\Temp\ccoxlHcK.s 			page 25


 908 0087 3B       		.uleb128 0x3b
 909 0088 05       		.uleb128 0x5
 910 0089 27       		.uleb128 0x27
 911 008a 19       		.uleb128 0x19
 912 008b 49       		.uleb128 0x49
 913 008c 13       		.uleb128 0x13
 914 008d 11       		.uleb128 0x11
 915 008e 01       		.uleb128 0x1
 916 008f 12       		.uleb128 0x12
 917 0090 06       		.uleb128 0x6
 918 0091 40       		.uleb128 0x40
 919 0092 18       		.uleb128 0x18
 920 0093 9742     		.uleb128 0x2117
 921 0095 19       		.uleb128 0x19
 922 0096 00       		.byte	0
 923 0097 00       		.byte	0
 924 0098 0A       		.uleb128 0xa
 925 0099 2E       		.uleb128 0x2e
 926 009a 01       		.byte	0x1
 927 009b 3F       		.uleb128 0x3f
 928 009c 19       		.uleb128 0x19
 929 009d 03       		.uleb128 0x3
 930 009e 0E       		.uleb128 0xe
 931 009f 3A       		.uleb128 0x3a
 932 00a0 0B       		.uleb128 0xb
 933 00a1 3B       		.uleb128 0x3b
 934 00a2 05       		.uleb128 0x5
 935 00a3 27       		.uleb128 0x27
 936 00a4 19       		.uleb128 0x19
 937 00a5 11       		.uleb128 0x11
 938 00a6 01       		.uleb128 0x1
 939 00a7 12       		.uleb128 0x12
 940 00a8 06       		.uleb128 0x6
 941 00a9 40       		.uleb128 0x40
 942 00aa 18       		.uleb128 0x18
 943 00ab 9742     		.uleb128 0x2117
 944 00ad 19       		.uleb128 0x19
 945 00ae 01       		.uleb128 0x1
 946 00af 13       		.uleb128 0x13
 947 00b0 00       		.byte	0
 948 00b1 00       		.byte	0
 949 00b2 0B       		.uleb128 0xb
 950 00b3 05       		.uleb128 0x5
 951 00b4 00       		.byte	0
 952 00b5 03       		.uleb128 0x3
 953 00b6 0E       		.uleb128 0xe
 954 00b7 3A       		.uleb128 0x3a
 955 00b8 0B       		.uleb128 0xb
 956 00b9 3B       		.uleb128 0x3b
 957 00ba 05       		.uleb128 0x5
 958 00bb 49       		.uleb128 0x49
 959 00bc 13       		.uleb128 0x13
 960 00bd 02       		.uleb128 0x2
 961 00be 18       		.uleb128 0x18
 962 00bf 00       		.byte	0
 963 00c0 00       		.byte	0
 964 00c1 0C       		.uleb128 0xc
ARM GAS  C:\Users\Rob\AppData\Local\Temp\ccoxlHcK.s 			page 26


 965 00c2 05       		.uleb128 0x5
 966 00c3 00       		.byte	0
 967 00c4 03       		.uleb128 0x3
 968 00c5 0E       		.uleb128 0xe
 969 00c6 3A       		.uleb128 0x3a
 970 00c7 0B       		.uleb128 0xb
 971 00c8 3B       		.uleb128 0x3b
 972 00c9 05       		.uleb128 0x5
 973 00ca 49       		.uleb128 0x49
 974 00cb 13       		.uleb128 0x13
 975 00cc 02       		.uleb128 0x2
 976 00cd 17       		.uleb128 0x17
 977 00ce 00       		.byte	0
 978 00cf 00       		.byte	0
 979 00d0 0D       		.uleb128 0xd
 980 00d1 898201   		.uleb128 0x4109
 981 00d4 01       		.byte	0x1
 982 00d5 11       		.uleb128 0x11
 983 00d6 01       		.uleb128 0x1
 984 00d7 31       		.uleb128 0x31
 985 00d8 13       		.uleb128 0x13
 986 00d9 00       		.byte	0
 987 00da 00       		.byte	0
 988 00db 0E       		.uleb128 0xe
 989 00dc 8A8201   		.uleb128 0x410a
 990 00df 00       		.byte	0
 991 00e0 02       		.uleb128 0x2
 992 00e1 18       		.uleb128 0x18
 993 00e2 9142     		.uleb128 0x2111
 994 00e4 18       		.uleb128 0x18
 995 00e5 00       		.byte	0
 996 00e6 00       		.byte	0
 997 00e7 0F       		.uleb128 0xf
 998 00e8 898201   		.uleb128 0x4109
 999 00eb 01       		.byte	0x1
 1000 00ec 11       		.uleb128 0x11
 1001 00ed 01       		.uleb128 0x1
 1002 00ee 31       		.uleb128 0x31
 1003 00ef 13       		.uleb128 0x13
 1004 00f0 01       		.uleb128 0x1
 1005 00f1 13       		.uleb128 0x13
 1006 00f2 00       		.byte	0
 1007 00f3 00       		.byte	0
 1008 00f4 10       		.uleb128 0x10
 1009 00f5 898201   		.uleb128 0x4109
 1010 00f8 00       		.byte	0
 1011 00f9 11       		.uleb128 0x11
 1012 00fa 01       		.uleb128 0x1
 1013 00fb 31       		.uleb128 0x31
 1014 00fc 13       		.uleb128 0x13
 1015 00fd 00       		.byte	0
 1016 00fe 00       		.byte	0
 1017 00ff 11       		.uleb128 0x11
 1018 0100 34       		.uleb128 0x34
 1019 0101 00       		.byte	0
 1020 0102 03       		.uleb128 0x3
 1021 0103 0E       		.uleb128 0xe
ARM GAS  C:\Users\Rob\AppData\Local\Temp\ccoxlHcK.s 			page 27


 1022 0104 3A       		.uleb128 0x3a
 1023 0105 0B       		.uleb128 0xb
 1024 0106 3B       		.uleb128 0x3b
 1025 0107 0B       		.uleb128 0xb
 1026 0108 49       		.uleb128 0x49
 1027 0109 13       		.uleb128 0x13
 1028 010a 3F       		.uleb128 0x3f
 1029 010b 19       		.uleb128 0x19
 1030 010c 02       		.uleb128 0x2
 1031 010d 18       		.uleb128 0x18
 1032 010e 00       		.byte	0
 1033 010f 00       		.byte	0
 1034 0110 12       		.uleb128 0x12
 1035 0111 2E       		.uleb128 0x2e
 1036 0112 00       		.byte	0
 1037 0113 3F       		.uleb128 0x3f
 1038 0114 19       		.uleb128 0x19
 1039 0115 3C       		.uleb128 0x3c
 1040 0116 19       		.uleb128 0x19
 1041 0117 6E       		.uleb128 0x6e
 1042 0118 0E       		.uleb128 0xe
 1043 0119 03       		.uleb128 0x3
 1044 011a 0E       		.uleb128 0xe
 1045 011b 3A       		.uleb128 0x3a
 1046 011c 0B       		.uleb128 0xb
 1047 011d 3B       		.uleb128 0x3b
 1048 011e 0B       		.uleb128 0xb
 1049 011f 00       		.byte	0
 1050 0120 00       		.byte	0
 1051 0121 00       		.byte	0
 1052              		.section	.debug_loc,"",%progbits
 1053              	.Ldebug_loc0:
 1054              	.LLST0:
 1055 0000 00000000 		.4byte	.LVL2
 1056 0004 10000000 		.4byte	.LVL3
 1057 0008 0100     		.2byte	0x1
 1058 000a 50       		.byte	0x50
 1059 000b 10000000 		.4byte	.LVL3
 1060 000f 34000000 		.4byte	.LFE8
 1061 0013 0400     		.2byte	0x4
 1062 0015 F3       		.byte	0xf3
 1063 0016 01       		.uleb128 0x1
 1064 0017 50       		.byte	0x50
 1065 0018 9F       		.byte	0x9f
 1066 0019 00000000 		.4byte	0
 1067 001d 00000000 		.4byte	0
 1068              		.section	.debug_aranges,"",%progbits
 1069 0000 7C000000 		.4byte	0x7c
 1070 0004 0200     		.2byte	0x2
 1071 0006 00000000 		.4byte	.Ldebug_info0
 1072 000a 04       		.byte	0x4
 1073 000b 00       		.byte	0
 1074 000c 0000     		.2byte	0
 1075 000e 0000     		.2byte	0
 1076 0010 00000000 		.4byte	.LFB1
 1077 0014 28000000 		.4byte	.LFE1-.LFB1
 1078 0018 00000000 		.4byte	.LFB3
ARM GAS  C:\Users\Rob\AppData\Local\Temp\ccoxlHcK.s 			page 28


 1079 001c 28000000 		.4byte	.LFE3-.LFB3
 1080 0020 00000000 		.4byte	.LFB4
 1081 0024 0C000000 		.4byte	.LFE4-.LFB4
 1082 0028 00000000 		.4byte	.LFB5
 1083 002c 0C000000 		.4byte	.LFE5-.LFB5
 1084 0030 00000000 		.4byte	.LFB6
 1085 0034 0C000000 		.4byte	.LFE6-.LFB6
 1086 0038 00000000 		.4byte	.LFB7
 1087 003c 0C000000 		.4byte	.LFE7-.LFB7
 1088 0040 00000000 		.4byte	.LFB8
 1089 0044 34000000 		.4byte	.LFE8-.LFB8
 1090 0048 00000000 		.4byte	.LFB9
 1091 004c 14000000 		.4byte	.LFE9-.LFB9
 1092 0050 00000000 		.4byte	.LFB10
 1093 0054 0C000000 		.4byte	.LFE10-.LFB10
 1094 0058 00000000 		.4byte	.LFB11
 1095 005c 0C000000 		.4byte	.LFE11-.LFB11
 1096 0060 00000000 		.4byte	.LFB0
 1097 0064 60000000 		.4byte	.LFE0-.LFB0
 1098 0068 00000000 		.4byte	.LFB2
 1099 006c 1C000000 		.4byte	.LFE2-.LFB2
 1100 0070 00000000 		.4byte	.LFB12
 1101 0074 0C000000 		.4byte	.LFE12-.LFB12
 1102 0078 00000000 		.4byte	0
 1103 007c 00000000 		.4byte	0
 1104              		.section	.debug_ranges,"",%progbits
 1105              	.Ldebug_ranges0:
 1106 0000 00000000 		.4byte	.LFB1
 1107 0004 28000000 		.4byte	.LFE1
 1108 0008 00000000 		.4byte	.LFB3
 1109 000c 28000000 		.4byte	.LFE3
 1110 0010 00000000 		.4byte	.LFB4
 1111 0014 0C000000 		.4byte	.LFE4
 1112 0018 00000000 		.4byte	.LFB5
 1113 001c 0C000000 		.4byte	.LFE5
 1114 0020 00000000 		.4byte	.LFB6
 1115 0024 0C000000 		.4byte	.LFE6
 1116 0028 00000000 		.4byte	.LFB7
 1117 002c 0C000000 		.4byte	.LFE7
 1118 0030 00000000 		.4byte	.LFB8
 1119 0034 34000000 		.4byte	.LFE8
 1120 0038 00000000 		.4byte	.LFB9
 1121 003c 14000000 		.4byte	.LFE9
 1122 0040 00000000 		.4byte	.LFB10
 1123 0044 0C000000 		.4byte	.LFE10
 1124 0048 00000000 		.4byte	.LFB11
 1125 004c 0C000000 		.4byte	.LFE11
 1126 0050 00000000 		.4byte	.LFB0
 1127 0054 60000000 		.4byte	.LFE0
 1128 0058 00000000 		.4byte	.LFB2
 1129 005c 1C000000 		.4byte	.LFE2
 1130 0060 00000000 		.4byte	.LFB12
 1131 0064 0C000000 		.4byte	.LFE12
 1132 0068 00000000 		.4byte	0
 1133 006c 00000000 		.4byte	0
 1134              		.section	.debug_line,"",%progbits
 1135              	.Ldebug_line0:
ARM GAS  C:\Users\Rob\AppData\Local\Temp\ccoxlHcK.s 			page 29


 1136 0000 53010000 		.section	.debug_str,"MS",%progbits,1
 1136      02004B00 
 1136      00000201 
 1136      FB0E0D00 
 1136      01010101 
 1137              	.LASF15:
 1138 0000 72656731 		.ascii	"reg16\000"
 1138      3600
 1139              	.LASF34:
 1140 0006 435F365F 		.ascii	"C_6_ReadPeriod\000"
 1140      52656164 
 1140      50657269 
 1140      6F6400
 1141              	.LASF28:
 1142 0015 435F365F 		.ascii	"C_6_ReadCounter\000"
 1142      52656164 
 1142      436F756E 
 1142      74657200 
 1143              	.LASF31:
 1144 0025 70657269 		.ascii	"period\000"
 1144      6F6400
 1145              	.LASF3:
 1146 002c 73686F72 		.ascii	"short unsigned int\000"
 1146      7420756E 
 1146      7369676E 
 1146      65642069 
 1146      6E7400
 1147              	.LASF18:
 1148 003f 435F365F 		.ascii	"C_6_Enable\000"
 1148      456E6162 
 1148      6C6500
 1149              	.LASF33:
 1150 004a 435F365F 		.ascii	"C_6_Start\000"
 1150      53746172 
 1150      7400
 1151              	.LASF11:
 1152 0054 666C6F61 		.ascii	"float\000"
 1152      7400
 1153              	.LASF27:
 1154 005a 636F756E 		.ascii	"counter\000"
 1154      74657200 
 1155              	.LASF30:
 1156 0062 435F365F 		.ascii	"C_6_WritePeriod\000"
 1156      57726974 
 1156      65506572 
 1156      696F6400 
 1157              	.LASF1:
 1158 0072 756E7369 		.ascii	"unsigned char\000"
 1158      676E6564 
 1158      20636861 
 1158      7200
 1159              	.LASF35:
 1160 0080 474E5520 		.ascii	"GNU C11 5.4.1 20160609 (release) [ARM/embedded-5-br"
 1160      43313120 
 1160      352E342E 
 1160      31203230 
 1160      31363036 
ARM GAS  C:\Users\Rob\AppData\Local\Temp\ccoxlHcK.s 			page 30


 1161 00b3 616E6368 		.ascii	"anch revision 237715] -mcpu=cortex-m3 -mthumb -g -O"
 1161      20726576 
 1161      6973696F 
 1161      6E203233 
 1161      37373135 
 1162 00e6 67202D66 		.ascii	"g -ffunction-sections -ffat-lto-objects\000"
 1162      66756E63 
 1162      74696F6E 
 1162      2D736563 
 1162      74696F6E 
 1163              	.LASF14:
 1164 010e 72656738 		.ascii	"reg8\000"
 1164      00
 1165              	.LASF5:
 1166 0113 6C6F6E67 		.ascii	"long unsigned int\000"
 1166      20756E73 
 1166      69676E65 
 1166      6420696E 
 1166      7400
 1167              	.LASF9:
 1168 0125 75696E74 		.ascii	"uint8\000"
 1168      3800
 1169              	.LASF25:
 1170 012b 636F6E74 		.ascii	"control\000"
 1170      726F6C00 
 1171              	.LASF24:
 1172 0133 696E7465 		.ascii	"interruptsMask\000"
 1172      72727570 
 1172      74734D61 
 1172      736B00
 1173              	.LASF26:
 1174 0142 435F365F 		.ascii	"C_6_WriteCounter\000"
 1174      57726974 
 1174      65436F75 
 1174      6E746572 
 1174      00
 1175              	.LASF22:
 1176 0153 435F365F 		.ascii	"C_6_SetInterruptMode\000"
 1176      53657449 
 1176      6E746572 
 1176      72757074 
 1176      4D6F6465 
 1177              	.LASF21:
 1178 0168 435F365F 		.ascii	"C_6_ReadControlRegister\000"
 1178      52656164 
 1178      436F6E74 
 1178      726F6C52 
 1178      65676973 
 1179              	.LASF12:
 1180 0180 646F7562 		.ascii	"double\000"
 1180      6C6500
 1181              	.LASF32:
 1182 0187 435F365F 		.ascii	"C_6_Init\000"
 1182      496E6974 
 1182      00
 1183              	.LASF10:
 1184 0190 75696E74 		.ascii	"uint16\000"
ARM GAS  C:\Users\Rob\AppData\Local\Temp\ccoxlHcK.s 			page 31


 1184      313600
 1185              	.LASF23:
 1186 0197 435F365F 		.ascii	"C_6_WriteControlRegister\000"
 1186      57726974 
 1186      65436F6E 
 1186      74726F6C 
 1186      52656769 
 1187              	.LASF8:
 1188 01b0 756E7369 		.ascii	"unsigned int\000"
 1188      676E6564 
 1188      20696E74 
 1188      00
 1189              	.LASF38:
 1190 01bd 435F365F 		.ascii	"C_6_initVar\000"
 1190      696E6974 
 1190      56617200 
 1191              	.LASF7:
 1192 01c9 6C6F6E67 		.ascii	"long long unsigned int\000"
 1192      206C6F6E 
 1192      6720756E 
 1192      7369676E 
 1192      65642069 
 1193              	.LASF36:
 1194 01e0 47656E65 		.ascii	"Generated_Source\\PSoC5\\C_6.c\000"
 1194      72617465 
 1194      645F536F 
 1194      75726365 
 1194      5C50536F 
 1195              	.LASF39:
 1196 01fd 43794861 		.ascii	"CyHalt\000"
 1196      6C7400
 1197              	.LASF17:
 1198 0204 73697A65 		.ascii	"sizetype\000"
 1198      74797065 
 1198      00
 1199              	.LASF6:
 1200 020d 6C6F6E67 		.ascii	"long long int\000"
 1200      206C6F6E 
 1200      6720696E 
 1200      7400
 1201              	.LASF13:
 1202 021b 63686172 		.ascii	"char\000"
 1202      00
 1203              	.LASF37:
 1204 0220 433A5C55 		.ascii	"C:\\Users\\Rob\\Documents\\DivideDown\\Organ_1.cyds"
 1204      73657273 
 1204      5C526F62 
 1204      5C446F63 
 1204      756D656E 
 1205 024e 6E00     		.ascii	"n\000"
 1206              	.LASF29:
 1207 0250 435F365F 		.ascii	"C_6_ReadCapture\000"
 1207      52656164 
 1207      43617074 
 1207      75726500 
 1208              	.LASF2:
 1209 0260 73686F72 		.ascii	"short int\000"
ARM GAS  C:\Users\Rob\AppData\Local\Temp\ccoxlHcK.s 			page 32


 1209      7420696E 
 1209      7400
 1210              	.LASF19:
 1211 026a 435F365F 		.ascii	"C_6_Stop\000"
 1211      53746F70 
 1211      00
 1212              	.LASF4:
 1213 0273 6C6F6E67 		.ascii	"long int\000"
 1213      20696E74 
 1213      00
 1214              	.LASF16:
 1215 027c 6C6F6E67 		.ascii	"long double\000"
 1215      20646F75 
 1215      626C6500 
 1216              	.LASF0:
 1217 0288 7369676E 		.ascii	"signed char\000"
 1217      65642063 
 1217      68617200 
 1218              	.LASF20:
 1219 0294 435F365F 		.ascii	"C_6_ReadStatusRegister\000"
 1219      52656164 
 1219      53746174 
 1219      75735265 
 1219      67697374 
 1220              		.ident	"GCC: (GNU Tools for ARM Embedded Processors) 5.4.1 20160609 (release) [ARM/embedded-5-bran
