--------------- Clean Started: 10/31/2017 09:16:27 Project: Organ_1, Configuration: ARM GCC 5.4-2016-q2-update Debug ---------------
Deleting file ".\CortexM3\ARM_GCC_541\Debug\main.o"
Deleting file ".\CortexM3\ARM_GCC_541\Debug\cyfitter_cfg.o"
Deleting file ".\CortexM3\ARM_GCC_541\Debug\cymetadata.o"
Deleting file ".\CortexM3\ARM_GCC_541\Debug\C_6.o"
Deleting file ".\CortexM3\ARM_GCC_541\Debug\C_6_PM.o"
Deleting file ".\CortexM3\ARM_GCC_541\Debug\Clock_1.o"
Deleting file ".\CortexM3\ARM_GCC_541\Debug\Cm3Start.o"
Deleting file ".\CortexM3\ARM_GCC_541\Debug\CyBootAsmGnu.o"
Deleting file ".\CortexM3\ARM_GCC_541\Debug\CyDmac.o"
Deleting file ".\CortexM3\ARM_GCC_541\Debug\CyFlash.o"
Deleting file ".\CortexM3\ARM_GCC_541\Debug\CyLib.o"
Deleting file ".\CortexM3\ARM_GCC_541\Debug\cyPm.o"
Deleting file ".\CortexM3\ARM_GCC_541\Debug\CySpc.o"
Deleting file ".\CortexM3\ARM_GCC_541\Debug\cyutils.o"
Deleting file ".\CortexM3\ARM_GCC_541\Debug\C_Sharp_6.o"
Deleting file ".\CortexM3\ARM_GCC_541\Debug\C_Sharp_6_PM.o"
Deleting file ".\CortexM3\ARM_GCC_541\Debug\D_6.o"
Deleting file ".\CortexM3\ARM_GCC_541\Debug\D_6_PM.o"
Deleting file ".\CortexM3\ARM_GCC_541\Debug\D_SHARP_6.o"
Deleting file ".\CortexM3\ARM_GCC_541\Debug\D_SHARP_6_PM.o"
Deleting file ".\CortexM3\ARM_GCC_541\Debug\F_6_Out.o"
Deleting file ".\CortexM3\ARM_GCC_541\Debug\F_Sharp_6_Out.o"
Deleting file ".\CortexM3\ARM_GCC_541\Debug\G_6_Out.o"
Deleting file ".\CortexM3\ARM_GCC_541\Debug\G_Sharp_6_Out.o"
Deleting file ".\CortexM3\ARM_GCC_541\Debug\A_6_Out.o"
Deleting file ".\CortexM3\ARM_GCC_541\Debug\A_Sharp_6_Out.o"
Deleting file ".\CortexM3\ARM_GCC_541\Debug\B_6_Out.o"
Deleting file ".\CortexM3\ARM_GCC_541\Debug\E_6_Out.o"
Deleting file ".\CortexM3\ARM_GCC_541\Debug\C2.o"
Deleting file ".\CortexM3\ARM_GCC_541\Debug\C6.o"
Deleting file ".\CortexM3\ARM_GCC_541\Debug\C3.o"
Deleting file ".\CortexM3\ARM_GCC_541\Debug\C4.o"
Deleting file ".\CortexM3\ARM_GCC_541\Debug\C5.o"
Deleting file ".\CortexM3\ARM_GCC_541\Debug\C1.o"
Deleting file ".\CortexM3\ARM_GCC_541\Debug\CS5.o"
Deleting file ".\CortexM3\ARM_GCC_541\Debug\CS6.o"
Deleting file ".\CortexM3\ARM_GCC_541\Debug\Clock_2.o"
Deleting file ".\CortexM3\ARM_GCC_541\Debug\CS4.o"
Deleting file ".\CortexM3\ARM_GCC_541\Debug\CS3.o"
Deleting file ".\CortexM3\ARM_GCC_541\Debug\CS2.o"
Deleting file ".\CortexM3\ARM_GCC_541\Debug\CS1.o"
Deleting file ".\CortexM3\ARM_GCC_541\Debug\D6.o"
Deleting file ".\CortexM3\ARM_GCC_541\Debug\DS6.o"
Deleting file ".\CortexM3\ARM_GCC_541\Debug\Organ_1.hex"
Deleting file ".\CortexM3\ARM_GCC_541\Debug\Organ_1.elf"
Deleting file ".\CortexM3\ARM_GCC_541\Debug\Organ_1.map"
Deleting file ".\Organ_1.cycdx"
Deleting file ".\Organ_1.svd"
Deleting file ".\Organ_1.rpt"
Deleting file ".\Organ_1_timing.html"
Deleting file ".\CortexM3\ARM_GCC_541\Debug\.deps\SOURCE_C__ARM_GCC_GENERIC.P"
Deleting file ".\CortexM3\ARM_GCC_541\Debug\.deps\SOURCE_ASM__ARM_GCC_GENERIC.P"
--------------- Clean Succeeded: 10/31/2017 09:16:27 ---------------
